[ 2017-08-08T13:08:51+08:00 ] ::1 /weibo/Login
ERR: SQLSTATE[HY000] [2002] ”…”⁄ƒø±Íº∆À„ª˙ª˝º´æ‹æ¯£¨Œﬁ∑®¡¨Ω”°£


[ 2017-08-08T13:17:38+08:00 ] ::1 /weibo/Login
ERR: SQLSTATE[HY000] [2002] ”…”⁄ƒø±Íº∆À„ª˙ª˝º´æ‹æ¯£¨Œﬁ∑®¡¨Ω”°£


[ 2017-08-08T15:38:45+08:00 ] ::1 /weibo/123.html
ERR: Êó†Ê≥ïÂä†ËΩΩÊéßÂà∂Âô®:123

[ 2017-08-08T15:38:54+08:00 ] ::1 /weibo/123.html
ERR: Êó†Ê≥ïÂä†ËΩΩÊéßÂà∂Âô®:123

[ 2017-08-08T16:01:25+08:00 ] ::1 /weibo/123.html
INFO: [ app_begin ] --START--
INFO: Run Behavior\ReadHtmlCacheBehavior [ RunTime:0.000825s ]
INFO: [ app_begin ] --END-- [ RunTime:0.001316s ]
ERR: Êó†Ê≥ïÂä†ËΩΩÊéßÂà∂Âô®:123

[ 2017-08-08T16:01:27+08:00 ] ::1 /weibo/123.html
INFO: [ app_begin ] --START--
INFO: Run Behavior\ReadHtmlCacheBehavior [ RunTime:0.000710s ]
INFO: [ app_begin ] --END-- [ RunTime:0.001101s ]
ERR: Êó†Ê≥ïÂä†ËΩΩÊéßÂà∂Âô®:123

[ 2017-08-08T16:01:27+08:00 ] ::1 /weibo/123.html
INFO: [ app_begin ] --START--
INFO: Run Behavior\ReadHtmlCacheBehavior [ RunTime:0.000709s ]
INFO: [ app_begin ] --END-- [ RunTime:0.001147s ]
ERR: Êó†Ê≥ïÂä†ËΩΩÊéßÂà∂Âô®:123

[ 2017-08-08T16:01:27+08:00 ] ::1 /weibo/123.html
INFO: [ app_begin ] --START--
INFO: Run Behavior\ReadHtmlCacheBehavior [ RunTime:0.000836s ]
INFO: [ app_begin ] --END-- [ RunTime:0.001428s ]
ERR: Êó†Ê≥ïÂä†ËΩΩÊéßÂà∂Âô®:123

[ 2017-08-08T16:01:28+08:00 ] ::1 /weibo/123.html
INFO: [ app_begin ] --START--
INFO: Run Behavior\ReadHtmlCacheBehavior [ RunTime:0.001018s ]
INFO: [ app_begin ] --END-- [ RunTime:0.001541s ]
ERR: Êó†Ê≥ïÂä†ËΩΩÊéßÂà∂Âô®:123

[ 2017-08-08T16:01:28+08:00 ] ::1 /weibo/123.html
INFO: [ app_begin ] --START--
INFO: Run Behavior\ReadHtmlCacheBehavior [ RunTime:0.000687s ]
INFO: [ app_begin ] --END-- [ RunTime:0.001106s ]
ERR: Êó†Ê≥ïÂä†ËΩΩÊéßÂà∂Âô®:123

[ 2017-08-08T16:01:28+08:00 ] ::1 /weibo/123.html
INFO: [ app_begin ] --START--
INFO: Run Behavior\ReadHtmlCacheBehavior [ RunTime:0.000697s ]
INFO: [ app_begin ] --END-- [ RunTime:0.001100s ]
ERR: Êó†Ê≥ïÂä†ËΩΩÊéßÂà∂Âô®:123

[ 2017-08-08T16:01:28+08:00 ] ::1 /weibo/123.html
INFO: [ app_begin ] --START--
INFO: Run Behavior\ReadHtmlCacheBehavior [ RunTime:0.000756s ]
INFO: [ app_begin ] --END-- [ RunTime:0.001317s ]
ERR: Êó†Ê≥ïÂä†ËΩΩÊéßÂà∂Âô®:123

[ 2017-08-08T16:01:32+08:00 ] ::1 /weibo/123.html
INFO: [ app_begin ] --START--
INFO: Run Behavior\ReadHtmlCacheBehavior [ RunTime:0.001196s ]
INFO: [ app_begin ] --END-- [ RunTime:0.001935s ]
ERR: Êó†Ê≥ïÂä†ËΩΩÊéßÂà∂Âô®:123

[ 2017-08-08T16:01:32+08:00 ] ::1 /weibo/123.html
INFO: [ app_begin ] --START--
INFO: Run Behavior\ReadHtmlCacheBehavior [ RunTime:0.001213s ]
INFO: [ app_begin ] --END-- [ RunTime:0.002196s ]
ERR: Êó†Ê≥ïÂä†ËΩΩÊéßÂà∂Âô®:123

[ 2017-08-08T16:01:32+08:00 ] ::1 /weibo/123.html
INFO: [ app_begin ] --START--
INFO: Run Behavior\ReadHtmlCacheBehavior [ RunTime:0.000756s ]
INFO: [ app_begin ] --END-- [ RunTime:0.001227s ]
ERR: Êó†Ê≥ïÂä†ËΩΩÊéßÂà∂Âô®:123

[ 2017-08-08T16:01:32+08:00 ] ::1 /weibo/123.html
INFO: [ app_begin ] --START--
INFO: Run Behavior\ReadHtmlCacheBehavior [ RunTime:0.000722s ]
INFO: [ app_begin ] --END-- [ RunTime:0.001175s ]
ERR: Êó†Ê≥ïÂä†ËΩΩÊéßÂà∂Âô®:123

[ 2017-08-08T16:01:32+08:00 ] ::1 /weibo/123.html
INFO: [ app_begin ] --START--
INFO: Run Behavior\ReadHtmlCacheBehavior [ RunTime:0.000743s ]
INFO: [ app_begin ] --END-- [ RunTime:0.001209s ]
ERR: Êó†Ê≥ïÂä†ËΩΩÊéßÂà∂Âô®:123

[ 2017-08-08T16:01:33+08:00 ] ::1 /weibo/123.html
INFO: [ app_begin ] --START--
INFO: Run Behavior\ReadHtmlCacheBehavior [ RunTime:0.000773s ]
INFO: [ app_begin ] --END-- [ RunTime:0.001237s ]
ERR: Êó†Ê≥ïÂä†ËΩΩÊéßÂà∂Âô®:123

[ 2017-08-08T16:01:33+08:00 ] ::1 /weibo/123.html
INFO: [ app_begin ] --START--
INFO: Run Behavior\ReadHtmlCacheBehavior [ RunTime:0.000705s ]
INFO: [ app_begin ] --END-- [ RunTime:0.001169s ]
ERR: Êó†Ê≥ïÂä†ËΩΩÊéßÂà∂Âô®:123

[ 2017-08-08T16:01:33+08:00 ] ::1 /weibo/123.html
INFO: [ app_begin ] --START--
INFO: Run Behavior\ReadHtmlCacheBehavior [ RunTime:0.001084s ]
INFO: [ app_begin ] --END-- [ RunTime:0.001744s ]
ERR: Êó†Ê≥ïÂä†ËΩΩÊéßÂà∂Âô®:123

[ 2017-08-08T16:01:33+08:00 ] ::1 /weibo/123.html
INFO: [ app_begin ] --START--
INFO: Run Behavior\ReadHtmlCacheBehavior [ RunTime:0.000692s ]
INFO: [ app_begin ] --END-- [ RunTime:0.001118s ]
ERR: Êó†Ê≥ïÂä†ËΩΩÊéßÂà∂Âô®:123

[ 2017-08-08T16:01:33+08:00 ] ::1 /weibo/123.html
INFO: [ app_begin ] --START--
INFO: Run Behavior\ReadHtmlCacheBehavior [ RunTime:0.000718s ]
INFO: [ app_begin ] --END-- [ RunTime:0.001117s ]
ERR: Êó†Ê≥ïÂä†ËΩΩÊéßÂà∂Âô®:123

[ 2017-08-08T16:02:33+08:00 ] ::1 /weibo/123.html
INFO: [ app_begin ] --START--
INFO: Run Behavior\ReadHtmlCacheBehavior [ RunTime:0.000716s ]
INFO: [ app_begin ] --END-- [ RunTime:0.001156s ]
ERR: Êó†Ê≥ïÂä†ËΩΩÊéßÂà∂Âô®:123

[ 2017-08-08T16:02:33+08:00 ] ::1 /weibo/123.html
INFO: [ app_begin ] --START--
INFO: Run Behavior\ReadHtmlCacheBehavior [ RunTime:0.000802s ]
INFO: [ app_begin ] --END-- [ RunTime:0.001317s ]
ERR: Êó†Ê≥ïÂä†ËΩΩÊéßÂà∂Âô®:123

[ 2017-08-08T16:02:33+08:00 ] ::1 /weibo/123.html
INFO: [ app_begin ] --START--
INFO: Run Behavior\ReadHtmlCacheBehavior [ RunTime:0.001157s ]
INFO: [ app_begin ] --END-- [ RunTime:0.001865s ]
ERR: Êó†Ê≥ïÂä†ËΩΩÊéßÂà∂Âô®:123

[ 2017-08-08T16:02:34+08:00 ] ::1 /weibo/123.html
INFO: [ app_begin ] --START--
INFO: Run Behavior\ReadHtmlCacheBehavior [ RunTime:0.001450s ]
INFO: [ app_begin ] --END-- [ RunTime:0.002124s ]
ERR: Êó†Ê≥ïÂä†ËΩΩÊéßÂà∂Âô®:123

[ 2017-08-08T16:02:34+08:00 ] ::1 /weibo/123.html
INFO: [ app_begin ] --START--
INFO: Run Behavior\ReadHtmlCacheBehavior [ RunTime:0.000769s ]
INFO: [ app_begin ] --END-- [ RunTime:0.001341s ]
ERR: Êó†Ê≥ïÂä†ËΩΩÊéßÂà∂Âô®:123

[ 2017-08-08T16:02:34+08:00 ] ::1 /weibo/123.html
INFO: [ app_begin ] --START--
INFO: Run Behavior\ReadHtmlCacheBehavior [ RunTime:0.000667s ]
INFO: [ app_begin ] --END-- [ RunTime:0.001075s ]
ERR: Êó†Ê≥ïÂä†ËΩΩÊéßÂà∂Âô®:123

[ 2017-08-08T16:02:34+08:00 ] ::1 /weibo/123.html
INFO: [ app_begin ] --START--
INFO: Run Behavior\ReadHtmlCacheBehavior [ RunTime:0.000668s ]
INFO: [ app_begin ] --END-- [ RunTime:0.001071s ]
ERR: Êó†Ê≥ïÂä†ËΩΩÊéßÂà∂Âô®:123

[ 2017-08-08T16:02:34+08:00 ] ::1 /weibo/123.html
INFO: [ app_begin ] --START--
INFO: Run Behavior\ReadHtmlCacheBehavior [ RunTime:0.000762s ]
INFO: [ app_begin ] --END-- [ RunTime:0.001206s ]
ERR: Êó†Ê≥ïÂä†ËΩΩÊéßÂà∂Âô®:123

[ 2017-08-08T16:03:07+08:00 ] ::1 /weibo/123.html
INFO: [ app_begin ] --START--
INFO: Run Behavior\ReadHtmlCacheBehavior [ RunTime:0.000846s ]
INFO: [ app_begin ] --END-- [ RunTime:0.001469s ]
ERR: Êó†Ê≥ïÂä†ËΩΩÊéßÂà∂Âô®:123

[ 2017-08-08T16:03:08+08:00 ] ::1 /weibo/123.html
INFO: [ app_begin ] --START--
INFO: Run Behavior\ReadHtmlCacheBehavior [ RunTime:0.000913s ]
INFO: [ app_begin ] --END-- [ RunTime:0.001504s ]
ERR: Êó†Ê≥ïÂä†ËΩΩÊéßÂà∂Âô®:123

[ 2017-08-08T16:03:08+08:00 ] ::1 /weibo/123.html
INFO: [ app_begin ] --START--
INFO: Run Behavior\ReadHtmlCacheBehavior [ RunTime:0.000658s ]
INFO: [ app_begin ] --END-- [ RunTime:0.001052s ]
ERR: Êó†Ê≥ïÂä†ËΩΩÊéßÂà∂Âô®:123

[ 2017-08-08T16:03:08+08:00 ] ::1 /weibo/123.html
INFO: [ app_begin ] --START--
INFO: Run Behavior\ReadHtmlCacheBehavior [ RunTime:0.000666s ]
INFO: [ app_begin ] --END-- [ RunTime:0.001073s ]
ERR: Êó†Ê≥ïÂä†ËΩΩÊéßÂà∂Âô®:123

[ 2017-08-08T16:03:08+08:00 ] ::1 /weibo/123.html
INFO: [ app_begin ] --START--
INFO: Run Behavior\ReadHtmlCacheBehavior [ RunTime:0.000712s ]
INFO: [ app_begin ] --END-- [ RunTime:0.001176s ]
ERR: Êó†Ê≥ïÂä†ËΩΩÊéßÂà∂Âô®:123

[ 2017-08-08T16:03:09+08:00 ] ::1 /weibo/123.html
INFO: [ app_begin ] --START--
INFO: Run Behavior\ReadHtmlCacheBehavior [ RunTime:0.000790s ]
INFO: [ app_begin ] --END-- [ RunTime:0.001229s ]
ERR: Êó†Ê≥ïÂä†ËΩΩÊéßÂà∂Âô®:123

[ 2017-08-08T16:03:09+08:00 ] ::1 /weibo/123.html
INFO: [ app_begin ] --START--
INFO: Run Behavior\ReadHtmlCacheBehavior [ RunTime:0.000663s ]
INFO: [ app_begin ] --END-- [ RunTime:0.001086s ]
ERR: Êó†Ê≥ïÂä†ËΩΩÊéßÂà∂Âô®:123

[ 2017-08-08T16:03:28+08:00 ] ::1 /weibo/Login
INFO: [ app_begin ] --START--
INFO: Run Behavior\ReadHtmlCacheBehavior [ RunTime:0.001086s ]
INFO: [ app_begin ] --END-- [ RunTime:0.001704s ]
INFO: [ view_parse ] --START--
INFO: [ template_filter ] --START--
INFO: Run Behavior\ContentReplaceBehavior [ RunTime:0.000085s ]
INFO: [ template_filter ] --END-- [ RunTime:0.000176s ]
INFO: Run Behavior\ParseTemplateBehavior [ RunTime:0.008765s ]
INFO: [ view_parse ] --END-- [ RunTime:0.008951s ]
INFO: [ view_filter ] --START--
INFO: Run Behavior\WriteHtmlCacheBehavior [ RunTime:0.000735s ]
INFO: [ view_filter ] --END-- [ RunTime:0.000831s ]
INFO: [ app_end ] --START--
INFO: Run Behavior\ShowPageTraceBehavior [ RunTime:0.000784s ]
INFO: [ app_end ] --END-- [ RunTime:0.000874s ]

[ 2017-08-08T16:03:28+08:00 ] ::1 /weibo/Login
INFO: [ app_begin ] --START--
INFO: Run Behavior\ReadHtmlCacheBehavior [ RunTime:0.000777s ]
INFO: [ app_begin ] --END-- [ RunTime:0.001186s ]
INFO: [ view_parse ] --START--
INFO: [ template_filter ] --START--
INFO: Run Behavior\ContentReplaceBehavior [ RunTime:0.000090s ]
INFO: [ template_filter ] --END-- [ RunTime:0.000198s ]
INFO: Run Behavior\ParseTemplateBehavior [ RunTime:0.007731s ]
INFO: [ view_parse ] --END-- [ RunTime:0.007868s ]
INFO: [ view_filter ] --START--
INFO: Run Behavior\WriteHtmlCacheBehavior [ RunTime:0.000877s ]
INFO: [ view_filter ] --END-- [ RunTime:0.001018s ]
INFO: [ app_end ] --START--
INFO: Run Behavior\ShowPageTraceBehavior [ RunTime:0.001104s ]
INFO: [ app_end ] --END-- [ RunTime:0.001248s ]

[ 2017-08-08T16:03:29+08:00 ] ::1 /weibo/Login
INFO: [ app_begin ] --START--
INFO: Run Behavior\ReadHtmlCacheBehavior [ RunTime:0.000674s ]
INFO: [ app_begin ] --END-- [ RunTime:0.001090s ]
INFO: [ view_parse ] --START--
INFO: [ template_filter ] --START--
INFO: Run Behavior\ContentReplaceBehavior [ RunTime:0.000082s ]
INFO: [ template_filter ] --END-- [ RunTime:0.000168s ]
INFO: Run Behavior\ParseTemplateBehavior [ RunTime:0.007253s ]
INFO: [ view_parse ] --END-- [ RunTime:0.007355s ]
INFO: [ view_filter ] --START--
INFO: Run Behavior\WriteHtmlCacheBehavior [ RunTime:0.000528s ]
INFO: [ view_filter ] --END-- [ RunTime:0.000607s ]
INFO: [ app_end ] --START--
INFO: Run Behavior\ShowPageTraceBehavior [ RunTime:0.000662s ]
INFO: [ app_end ] --END-- [ RunTime:0.000745s ]

[ 2017-08-08T16:03:29+08:00 ] ::1 /weibo/Login
INFO: [ app_begin ] --START--
INFO: Run Behavior\ReadHtmlCacheBehavior [ RunTime:0.000782s ]
INFO: [ app_begin ] --END-- [ RunTime:0.001186s ]
INFO: [ view_parse ] --START--
INFO: [ template_filter ] --START--
INFO: Run Behavior\ContentReplaceBehavior [ RunTime:0.000082s ]
INFO: [ template_filter ] --END-- [ RunTime:0.000169s ]
INFO: Run Behavior\ParseTemplateBehavior [ RunTime:0.007066s ]
INFO: [ view_parse ] --END-- [ RunTime:0.007166s ]
INFO: [ view_filter ] --START--
INFO: Run Behavior\WriteHtmlCacheBehavior [ RunTime:0.000517s ]
INFO: [ view_filter ] --END-- [ RunTime:0.000595s ]
INFO: [ app_end ] --START--
INFO: Run Behavior\ShowPageTraceBehavior [ RunTime:0.000697s ]
INFO: [ app_end ] --END-- [ RunTime:0.000782s ]

[ 2017-08-08T16:03:29+08:00 ] ::1 /weibo/Login
INFO: [ app_begin ] --START--
INFO: Run Behavior\ReadHtmlCacheBehavior [ RunTime:0.000679s ]
INFO: [ app_begin ] --END-- [ RunTime:0.001081s ]
INFO: [ view_parse ] --START--
INFO: [ template_filter ] --START--
INFO: Run Behavior\ContentReplaceBehavior [ RunTime:0.000082s ]
INFO: [ template_filter ] --END-- [ RunTime:0.000170s ]
INFO: Run Behavior\ParseTemplateBehavior [ RunTime:0.007142s ]
INFO: [ view_parse ] --END-- [ RunTime:0.007239s ]
INFO: [ view_filter ] --START--
INFO: Run Behavior\WriteHtmlCacheBehavior [ RunTime:0.000516s ]
INFO: [ view_filter ] --END-- [ RunTime:0.000591s ]
INFO: [ app_end ] --START--
INFO: Run Behavior\ShowPageTraceBehavior [ RunTime:0.000695s ]
INFO: [ app_end ] --END-- [ RunTime:0.000784s ]

[ 2017-08-08T16:03:29+08:00 ] ::1 /weibo/Login
INFO: [ app_begin ] --START--
INFO: Run Behavior\ReadHtmlCacheBehavior [ RunTime:0.000724s ]
INFO: [ app_begin ] --END-- [ RunTime:0.001177s ]
INFO: [ view_parse ] --START--
INFO: [ template_filter ] --START--
INFO: Run Behavior\ContentReplaceBehavior [ RunTime:0.000085s ]
INFO: [ template_filter ] --END-- [ RunTime:0.000175s ]
INFO: Run Behavior\ParseTemplateBehavior [ RunTime:0.007317s ]
INFO: [ view_parse ] --END-- [ RunTime:0.007412s ]
INFO: [ view_filter ] --START--
INFO: Run Behavior\WriteHtmlCacheBehavior [ RunTime:0.000776s ]
INFO: [ view_filter ] --END-- [ RunTime:0.000867s ]
INFO: [ app_end ] --START--
INFO: Run Behavior\ShowPageTraceBehavior [ RunTime:0.000720s ]
INFO: [ app_end ] --END-- [ RunTime:0.000803s ]

[ 2017-08-08T16:03:30+08:00 ] ::1 /weibo/Login
INFO: [ app_begin ] --START--
INFO: Run Behavior\ReadHtmlCacheBehavior [ RunTime:0.000740s ]
INFO: [ app_begin ] --END-- [ RunTime:0.001160s ]
INFO: [ view_parse ] --START--
INFO: [ template_filter ] --START--
INFO: Run Behavior\ContentReplaceBehavior [ RunTime:0.000086s ]
INFO: [ template_filter ] --END-- [ RunTime:0.000175s ]
INFO: Run Behavior\ParseTemplateBehavior [ RunTime:0.007231s ]
INFO: [ view_parse ] --END-- [ RunTime:0.007328s ]
INFO: [ view_filter ] --START--
INFO: Run Behavior\WriteHtmlCacheBehavior [ RunTime:0.000537s ]
INFO: [ view_filter ] --END-- [ RunTime:0.000619s ]
INFO: [ app_end ] --START--
INFO: Run Behavior\ShowPageTraceBehavior [ RunTime:0.000674s ]
INFO: [ app_end ] --END-- [ RunTime:0.000753s ]

[ 2017-08-08T16:03:30+08:00 ] ::1 /weibo/Login
INFO: [ app_begin ] --START--
INFO: Run Behavior\ReadHtmlCacheBehavior [ RunTime:0.000702s ]
INFO: [ app_begin ] --END-- [ RunTime:0.001130s ]
INFO: [ view_parse ] --START--
INFO: [ template_filter ] --START--
INFO: Run Behavior\ContentReplaceBehavior [ RunTime:0.000106s ]
INFO: [ template_filter ] --END-- [ RunTime:0.000213s ]
INFO: Run Behavior\ParseTemplateBehavior [ RunTime:0.008767s ]
INFO: [ view_parse ] --END-- [ RunTime:0.008923s ]
INFO: [ view_filter ] --START--
INFO: Run Behavior\WriteHtmlCacheBehavior [ RunTime:0.000774s ]
INFO: [ view_filter ] --END-- [ RunTime:0.000889s ]
INFO: [ app_end ] --START--
INFO: Run Behavior\ShowPageTraceBehavior [ RunTime:0.000939s ]
INFO: [ app_end ] --END-- [ RunTime:0.001087s ]

[ 2017-08-08T16:07:08+08:00 ] ::1 /weibo/Login
INFO: [ app_begin ] --START--
INFO: Run Behavior\ReadHtmlCacheBehavior [ RunTime:0.000754s ]
INFO: [ app_begin ] --END-- [ RunTime:0.001236s ]
INFO: [ view_parse ] --START--
INFO: [ template_filter ] --START--
INFO: Run Behavior\ContentReplaceBehavior [ RunTime:0.000086s ]
INFO: [ template_filter ] --END-- [ RunTime:0.000178s ]
INFO: Run Behavior\ParseTemplateBehavior [ RunTime:0.008153s ]
INFO: [ view_parse ] --END-- [ RunTime:0.008258s ]
INFO: [ view_filter ] --START--
INFO: Run Behavior\WriteHtmlCacheBehavior [ RunTime:0.000587s ]
INFO: [ view_filter ] --END-- [ RunTime:0.000669s ]
INFO: [ app_end ] --START--
INFO: Run Behavior\ShowPageTraceBehavior [ RunTime:0.001063s ]
INFO: [ app_end ] --END-- [ RunTime:0.001160s ]

[ 2017-08-08T16:07:10+08:00 ] ::1 /weibo/Login
INFO: [ app_begin ] --START--
INFO: Run Behavior\ReadHtmlCacheBehavior [ RunTime:0.000787s ]
INFO: [ app_begin ] --END-- [ RunTime:0.001259s ]
INFO: [ view_parse ] --START--
INFO: [ template_filter ] --START--
INFO: Run Behavior\ContentReplaceBehavior [ RunTime:0.000146s ]
INFO: [ template_filter ] --END-- [ RunTime:0.000553s ]
INFO: Run Behavior\ParseTemplateBehavior [ RunTime:0.010348s ]
INFO: [ view_parse ] --END-- [ RunTime:0.010610s ]
INFO: [ view_filter ] --START--
INFO: Run Behavior\WriteHtmlCacheBehavior [ RunTime:0.000870s ]
INFO: [ view_filter ] --END-- [ RunTime:0.000998s ]
INFO: [ app_end ] --START--
INFO: Run Behavior\ShowPageTraceBehavior [ RunTime:0.001011s ]
INFO: [ app_end ] --END-- [ RunTime:0.001140s ]

[ 2017-08-08T16:07:16+08:00 ] ::1 /weibo/Login
INFO: [ app_begin ] --START--
INFO: Run Behavior\ReadHtmlCacheBehavior [ RunTime:0.000726s ]
INFO: [ app_begin ] --END-- [ RunTime:0.001192s ]
INFO: [ view_parse ] --START--
INFO: [ template_filter ] --START--
INFO: Run Behavior\ContentReplaceBehavior [ RunTime:0.000083s ]
INFO: [ template_filter ] --END-- [ RunTime:0.000197s ]
INFO: Run Behavior\ParseTemplateBehavior [ RunTime:0.008157s ]
INFO: [ view_parse ] --END-- [ RunTime:0.008323s ]
INFO: [ view_filter ] --START--
INFO: Run Behavior\WriteHtmlCacheBehavior [ RunTime:0.000671s ]
INFO: [ view_filter ] --END-- [ RunTime:0.000771s ]
INFO: [ app_end ] --START--
INFO: Run Behavior\ShowPageTraceBehavior [ RunTime:0.000813s ]
INFO: [ app_end ] --END-- [ RunTime:0.000903s ]

[ 2017-08-08T16:11:04+08:00 ] ::1 /weibo/Public/Home/js/jquery-1.10.2.min.map
ERR: Êó†Ê≥ïÂä†ËΩΩÊéßÂà∂Âô®:Public

[ 2017-08-08T16:11:11+08:00 ] ::1 /weibo/add.php
INFO: [ app_begin ] --START--
INFO: Run Behavior\ReadHtmlCacheBehavior [ RunTime:0.001288s ]
INFO: [ app_begin ] --END-- [ RunTime:0.002026s ]
ERR: Êó†Ê≥ïÂä†ËΩΩÊéßÂà∂Âô®:Add.php

[ 2017-08-08T16:11:12+08:00 ] ::1 /weibo/add.php
INFO: [ app_begin ] --START--
INFO: Run Behavior\ReadHtmlCacheBehavior [ RunTime:0.000663s ]
INFO: [ app_begin ] --END-- [ RunTime:0.001060s ]
ERR: Êó†Ê≥ïÂä†ËΩΩÊéßÂà∂Âô®:Add.php

[ 2017-08-08T16:11:13+08:00 ] ::1 /weibo/add.php
INFO: [ app_begin ] --START--
INFO: Run Behavior\ReadHtmlCacheBehavior [ RunTime:0.000665s ]
INFO: [ app_begin ] --END-- [ RunTime:0.001073s ]
ERR: Êó†Ê≥ïÂä†ËΩΩÊéßÂà∂Âô®:Add.php

[ 2017-08-08T16:11:13+08:00 ] ::1 /weibo/add.php
INFO: [ app_begin ] --START--
INFO: Run Behavior\ReadHtmlCacheBehavior [ RunTime:0.000843s ]
INFO: [ app_begin ] --END-- [ RunTime:0.001406s ]
ERR: Êó†Ê≥ïÂä†ËΩΩÊéßÂà∂Âô®:Add.php

[ 2017-08-08T16:11:32+08:00 ] ::1 /weibo/add.php
INFO: [ app_begin ] --START--
INFO: Run Behavior\ReadHtmlCacheBehavior [ RunTime:0.000735s ]
INFO: [ app_begin ] --END-- [ RunTime:0.001220s ]
ERR: Êó†Ê≥ïÂä†ËΩΩÊéßÂà∂Âô®:Add.php

[ 2017-08-08T16:11:34+08:00 ] ::1 /weibo/add.php
INFO: [ app_begin ] --START--
INFO: Run Behavior\ReadHtmlCacheBehavior [ RunTime:0.000678s ]
INFO: [ app_begin ] --END-- [ RunTime:0.001105s ]
ERR: Êó†Ê≥ïÂä†ËΩΩÊéßÂà∂Âô®:Add.php

[ 2017-08-08T16:11:36+08:00 ] ::1 /weibo/add.php
INFO: [ app_begin ] --START--
INFO: Run Behavior\ReadHtmlCacheBehavior [ RunTime:0.000992s ]
INFO: [ app_begin ] --END-- [ RunTime:0.001583s ]
ERR: Êó†Ê≥ïÂä†ËΩΩÊéßÂà∂Âô®:Add.php

[ 2017-08-08T16:13:46+08:00 ] ::1 /weibo/Public/Home/js/jquery-1.10.2.min.map
ERR: Êó†Ê≥ïÂä†ËΩΩÊéßÂà∂Âô®:Public

[ 2017-08-08T16:13:52+08:00 ] ::1 /weibo/home/user/register
INFO: [ app_begin ] --START--
INFO: Run Behavior\ReadHtmlCacheBehavior [ RunTime:0.000706s ]
INFO: [ app_begin ] --END-- [ RunTime:0.001140s ]
ERR: Êó†Ê≥ïÂä†ËΩΩÊéßÂà∂Âô®:User

[ 2017-08-08T16:14:16+08:00 ] ::1 /weibo/home/user/register
INFO: [ app_begin ] --START--
INFO: Run Behavior\ReadHtmlCacheBehavior [ RunTime:0.000982s ]
INFO: [ app_begin ] --END-- [ RunTime:0.001653s ]
ERR: Êó†Ê≥ïÂä†ËΩΩÊéßÂà∂Âô®:User

[ 2017-08-08T16:39:52+08:00 ] ::1 /weibo/home/user/register
INFO: [ app_begin ] --START--
INFO: Run Behavior\ReadHtmlCacheBehavior [ RunTime:0.000788s ]
INFO: [ app_begin ] --END-- [ RunTime:0.001228s ]
ERR: Êó†Ê≥ïÂä†ËΩΩÊéßÂà∂Âô®:User

[ 2017-08-08T16:40:01+08:00 ] ::1 /weibo/Public/Home/js/jquery-1.10.2.min.map
ERR: Êó†Ê≥ïÂä†ËΩΩÊéßÂà∂Âô®:Public

[ 2017-08-08T16:40:05+08:00 ] ::1 /weibo/home/user/register
INFO: [ app_begin ] --START--
INFO: Run Behavior\ReadHtmlCacheBehavior [ RunTime:0.000886s ]
INFO: [ app_begin ] --END-- [ RunTime:0.001363s ]
ERR: Êó†Ê≥ïÂä†ËΩΩÊéßÂà∂Âô®:User

[ 2017-08-08T16:40:44+08:00 ] ::1 /weibo/home/user/register
INFO: [ app_begin ] --START--
INFO: Run Behavior\ReadHtmlCacheBehavior [ RunTime:0.004092s ]
INFO: [ app_begin ] --END-- [ RunTime:0.006924s ]
ERR: Êó†Ê≥ïÂä†ËΩΩÊéßÂà∂Âô®:User

[ 2017-08-08T16:41:53+08:00 ] ::1 /weibo/home/user/register
INFO: [ app_begin ] --START--
INFO: Run Behavior\ReadHtmlCacheBehavior [ RunTime:0.001298s ]
INFO: [ app_begin ] --END-- [ RunTime:0.002072s ]
ERR: Êó†Ê≥ïÂä†ËΩΩÊéßÂà∂Âô®:User

[ 2017-08-08T16:42:14+08:00 ] ::1 /weibo/home/user/register
INFO: [ app_begin ] --START--
INFO: Run Behavior\ReadHtmlCacheBehavior [ RunTime:0.000943s ]
INFO: [ app_begin ] --END-- [ RunTime:0.001391s ]
ERR: Êó†Ê≥ïÂä†ËΩΩÊéßÂà∂Âô®:User

[ 2017-08-08T16:46:08+08:00 ] ::1 /weibo/home/user/register
INFO: [ app_begin ] --START--
INFO: Run Behavior\ReadHtmlCacheBehavior [ RunTime:0.001131s ]
INFO: [ app_begin ] --END-- [ RunTime:0.001682s ]
ERR: Êó†Ê≥ïÂä†ËΩΩÊéßÂà∂Âô®:User

[ 2017-08-08T16:46:12+08:00 ] ::1 /weibo/home/user/register
INFO: [ app_begin ] --START--
INFO: Run Behavior\ReadHtmlCacheBehavior [ RunTime:0.001141s ]
INFO: [ app_begin ] --END-- [ RunTime:0.001719s ]
ERR: Êó†Ê≥ïÂä†ËΩΩÊéßÂà∂Âô®:User

[ 2017-08-08T16:46:13+08:00 ] ::1 /weibo/home/user/register
INFO: [ app_begin ] --START--
INFO: Run Behavior\ReadHtmlCacheBehavior [ RunTime:0.001830s ]
INFO: [ app_begin ] --END-- [ RunTime:0.002432s ]
ERR: Êó†Ê≥ïÂä†ËΩΩÊéßÂà∂Âô®:User

[ 2017-08-08T16:46:13+08:00 ] ::1 /weibo/home/user/register
INFO: [ app_begin ] --START--
INFO: Run Behavior\ReadHtmlCacheBehavior [ RunTime:0.001102s ]
INFO: [ app_begin ] --END-- [ RunTime:0.001657s ]
ERR: Êó†Ê≥ïÂä†ËΩΩÊéßÂà∂Âô®:User

[ 2017-08-08T16:46:13+08:00 ] ::1 /weibo/home/user/register
INFO: [ app_begin ] --START--
INFO: Run Behavior\ReadHtmlCacheBehavior [ RunTime:0.001882s ]
INFO: [ app_begin ] --END-- [ RunTime:0.002829s ]
ERR: Êó†Ê≥ïÂä†ËΩΩÊéßÂà∂Âô®:User

[ 2017-08-08T16:46:13+08:00 ] ::1 /weibo/home/user/register
INFO: [ app_begin ] --START--
INFO: Run Behavior\ReadHtmlCacheBehavior [ RunTime:0.001654s ]
INFO: [ app_begin ] --END-- [ RunTime:0.002477s ]
ERR: Êó†Ê≥ïÂä†ËΩΩÊéßÂà∂Âô®:User

[ 2017-08-08T16:46:13+08:00 ] ::1 /weibo/home/user/register
INFO: [ app_begin ] --START--
INFO: Run Behavior\ReadHtmlCacheBehavior [ RunTime:0.001652s ]
INFO: [ app_begin ] --END-- [ RunTime:0.002488s ]
ERR: Êó†Ê≥ïÂä†ËΩΩÊéßÂà∂Âô®:User

[ 2017-08-08T16:46:14+08:00 ] ::1 /weibo/home/user/register
INFO: [ app_begin ] --START--
INFO: Run Behavior\ReadHtmlCacheBehavior [ RunTime:0.001035s ]
INFO: [ app_begin ] --END-- [ RunTime:0.001607s ]
ERR: Êó†Ê≥ïÂä†ËΩΩÊéßÂà∂Âô®:User

[ 2017-08-08T16:46:14+08:00 ] ::1 /weibo/home/user/register
INFO: [ app_begin ] --START--
INFO: Run Behavior\ReadHtmlCacheBehavior [ RunTime:0.001167s ]
INFO: [ app_begin ] --END-- [ RunTime:0.001737s ]
ERR: Êó†Ê≥ïÂä†ËΩΩÊéßÂà∂Âô®:User

[ 2017-08-08T16:46:14+08:00 ] ::1 /weibo/home/user/register
INFO: [ app_begin ] --START--
INFO: Run Behavior\ReadHtmlCacheBehavior [ RunTime:0.001075s ]
INFO: [ app_begin ] --END-- [ RunTime:0.001628s ]
ERR: Êó†Ê≥ïÂä†ËΩΩÊéßÂà∂Âô®:User

[ 2017-08-08T16:46:14+08:00 ] ::1 /weibo/home/user/register
INFO: [ app_begin ] --START--
INFO: Run Behavior\ReadHtmlCacheBehavior [ RunTime:0.001520s ]
INFO: [ app_begin ] --END-- [ RunTime:0.002110s ]
ERR: Êó†Ê≥ïÂä†ËΩΩÊéßÂà∂Âô®:User

[ 2017-08-08T16:46:14+08:00 ] ::1 /weibo/home/user/register
INFO: [ app_begin ] --START--
INFO: Run Behavior\ReadHtmlCacheBehavior [ RunTime:0.001460s ]
INFO: [ app_begin ] --END-- [ RunTime:0.002228s ]
ERR: Êó†Ê≥ïÂä†ËΩΩÊéßÂà∂Âô®:User

[ 2017-08-08T16:49:02+08:00 ] ::1 /weibo/Public/Home/js/jquery-1.10.2.min.map
ERR: Êó†Ê≥ïÂä†ËΩΩÊéßÂà∂Âô®:Public

[ 2017-08-08T16:49:06+08:00 ] ::1 /weibo/home/user/register
INFO: [ app_begin ] --START--
INFO: Run Behavior\ReadHtmlCacheBehavior [ RunTime:0.001426s ]
INFO: [ app_begin ] --END-- [ RunTime:0.002054s ]
ERR: Êó†Ê≥ïÂä†ËΩΩÊéßÂà∂Âô®:User

[ 2017-08-08T16:50:42+08:00 ] ::1 /weibo/Public/Home/js/jquery-1.10.2.min.map
ERR: Êó†Ê≥ïÂä†ËΩΩÊéßÂà∂Âô®:Public

[ 2017-08-08T16:52:18+08:00 ] ::1 /weibo/home/user/register
INFO: [ app_begin ] --START--
INFO: Run Behavior\ReadHtmlCacheBehavior [ RunTime:0.001076s ]
INFO: [ app_begin ] --END-- [ RunTime:0.001691s ]
ERR: Êó†Ê≥ïÂä†ËΩΩÊéßÂà∂Âô®:User

[ 2017-08-08T16:52:19+08:00 ] ::1 /weibo/home/user/register
INFO: [ app_begin ] --START--
INFO: Run Behavior\ReadHtmlCacheBehavior [ RunTime:0.001089s ]
INFO: [ app_begin ] --END-- [ RunTime:0.001803s ]
ERR: Êó†Ê≥ïÂä†ËΩΩÊéßÂà∂Âô®:User

[ 2017-08-08T16:52:19+08:00 ] ::1 /weibo/home/user/register
INFO: [ app_begin ] --START--
INFO: Run Behavior\ReadHtmlCacheBehavior [ RunTime:0.001137s ]
INFO: [ app_begin ] --END-- [ RunTime:0.001687s ]
ERR: Êó†Ê≥ïÂä†ËΩΩÊéßÂà∂Âô®:User

[ 2017-08-08T16:52:19+08:00 ] ::1 /weibo/home/user/register
INFO: [ app_begin ] --START--
INFO: Run Behavior\ReadHtmlCacheBehavior [ RunTime:0.000857s ]
INFO: [ app_begin ] --END-- [ RunTime:0.001343s ]
ERR: Êó†Ê≥ïÂä†ËΩΩÊéßÂà∂Âô®:User

[ 2017-08-08T16:52:20+08:00 ] ::1 /weibo/home/user/register
INFO: [ app_begin ] --START--
INFO: Run Behavior\ReadHtmlCacheBehavior [ RunTime:0.001079s ]
INFO: [ app_begin ] --END-- [ RunTime:0.001947s ]
ERR: Êó†Ê≥ïÂä†ËΩΩÊéßÂà∂Âô®:User

[ 2017-08-08T16:52:21+08:00 ] ::1 /weibo/home/user/register
INFO: [ app_begin ] --START--
INFO: Run Behavior\ReadHtmlCacheBehavior [ RunTime:0.000681s ]
INFO: [ app_begin ] --END-- [ RunTime:0.001093s ]
ERR: Êó†Ê≥ïÂä†ËΩΩÊéßÂà∂Âô®:User

[ 2017-08-08T16:53:13+08:00 ] ::1 /weibo/home/user/register
INFO: [ app_begin ] --START--
INFO: Run Behavior\ReadHtmlCacheBehavior [ RunTime:0.001376s ]
INFO: [ app_begin ] --END-- [ RunTime:0.001960s ]
ERR: Êó†Ê≥ïÂä†ËΩΩÊéßÂà∂Âô®:User

[ 2017-08-08T16:54:09+08:00 ] ::1 /weibo/home/user/register
INFO: [ app_begin ] --START--
INFO: Run Behavior\ReadHtmlCacheBehavior [ RunTime:0.001600s ]
INFO: [ app_begin ] --END-- [ RunTime:0.002359s ]
ERR: Êó†Ê≥ïÂä†ËΩΩÊéßÂà∂Âô®:User

[ 2017-08-08T16:54:10+08:00 ] ::1 /weibo/home/user/register
INFO: [ app_begin ] --START--
INFO: Run Behavior\ReadHtmlCacheBehavior [ RunTime:0.001096s ]
INFO: [ app_begin ] --END-- [ RunTime:0.001674s ]
ERR: Êó†Ê≥ïÂä†ËΩΩÊéßÂà∂Âô®:User

[ 2017-08-08T16:54:12+08:00 ] ::1 /weibo/Public/Home/js/jquery-1.10.2.min.map
ERR: Êó†Ê≥ïÂä†ËΩΩÊéßÂà∂Âô®:Public

[ 2017-08-08T16:54:16+08:00 ] ::1 /weibo/Home/User/register
INFO: [ app_begin ] --START--
INFO: Run Behavior\ReadHtmlCacheBehavior [ RunTime:0.000859s ]
INFO: [ app_begin ] --END-- [ RunTime:0.001377s ]
ERR: Êó†Ê≥ïÂä†ËΩΩÊéßÂà∂Âô®:User

[ 2017-08-08T16:58:26+08:00 ] ::1 /weibo/Public/Home/js/jquery-1.10.2.min.map
ERR: Êó†Ê≥ïÂä†ËΩΩÊéßÂà∂Âô®:Public

[ 2017-08-08T16:59:10+08:00 ] ::1 /weibo/Public/Home/js/jquery-1.10.2.min.map
ERR: Êó†Ê≥ïÂä†ËΩΩÊéßÂà∂Âô®:Public

[ 2017-08-08T16:59:56+08:00 ] ::1 /weibo/Public/Home/js/jquery-1.10.2.min.map
ERR: Êó†Ê≥ïÂä†ËΩΩÊéßÂà∂Âô®:Public

[ 2017-08-08T17:53:12+08:00 ] ::1 /weibo/Home/User/register
INFO: [ app_begin ] --START--
INFO: Run Behavior\ReadHtmlCacheBehavior [ RunTime:0.000934s ]
INFO: [ app_begin ] --END-- [ RunTime:0.001400s ]
ERR: Êó†Ê≥ïÂä†ËΩΩÊéßÂà∂Âô®:User

[ 2017-08-08T17:53:26+08:00 ] ::1 /weibo/Home/User/register
INFO: [ app_begin ] --START--
INFO: Run Behavior\ReadHtmlCacheBehavior [ RunTime:0.000871s ]
INFO: [ app_begin ] --END-- [ RunTime:0.001316s ]
ERR: Êó†Ê≥ïÂä†ËΩΩÊéßÂà∂Âô®:User

[ 2017-08-08T17:53:50+08:00 ] ::1 /weibo/Home/User/register
ERR: Êó†Ê≥ïÂä†ËΩΩÊéßÂà∂Âô®:User

[ 2017-08-08T17:54:16+08:00 ] ::1 /weibo/Home/User/
ERR: Êó†Ê≥ïÂä†ËΩΩÊéßÂà∂Âô®:User

[ 2017-08-08T17:54:28+08:00 ] ::1 /weibo/Home/user
ERR: Êó†Ê≥ïÂä†ËΩΩÊéßÂà∂Âô®:User

[ 2017-08-08T17:55:25+08:00 ] ::1 /weibo/Home/user
ERR: Êó†Ê≥ïÂä†ËΩΩÊéßÂà∂Âô®:User

[ 2017-08-08T17:55:28+08:00 ] ::1 /weibo/Home/user
ERR: Êó†Ê≥ïÂä†ËΩΩÊéßÂà∂Âô®:User

[ 2017-08-08T17:55:30+08:00 ] ::1 /weibo/Home/user
ERR: Êó†Ê≥ïÂä†ËΩΩÊéßÂà∂Âô®:User

[ 2017-08-08T17:55:45+08:00 ] ::1 /weibo/Home/user/register
ERR: Êó†Ê≥ïÂä†ËΩΩÊéßÂà∂Âô®:User

[ 2017-08-08T17:56:19+08:00 ] ::1 /weibo/Home/user/
ERR: Êó†Ê≥ïÂä†ËΩΩÊéßÂà∂Âô®:User

[ 2017-08-08T17:57:00+08:00 ] ::1 /weibo/Home/user/
ERR: Êó†Ê≥ïÂä†ËΩΩÊéßÂà∂Âô®:User

[ 2017-08-08T17:57:04+08:00 ] ::1 /weibo/Home/user/
ERR: Êó†Ê≥ïÂä†ËΩΩÊéßÂà∂Âô®:User

[ 2017-08-08T17:57:14+08:00 ] ::1 /weibo/Home/user/
ERR: Êó†Ê≥ïÂä†ËΩΩÊéßÂà∂Âô®:User

[ 2017-08-08T17:58:26+08:00 ] ::1 /weibo/Home/user/
ERR: ÈùûÊ≥ïÊìç‰Ωú:index

[ 2017-08-08T17:58:30+08:00 ] ::1 /weibo/Home/user/
ERR: ÈùûÊ≥ïÊìç‰Ωú:index

[ 2017-08-08T17:59:03+08:00 ] ::1 /weibo/Home/user/register
ERR: 1364:Field 'create' doesn't have a default value
 [ SQLËØ≠Âè• ] : INSERT INTO `weibo_user` (`username`,`password`,`email`) VALUES ('','da39a3ee5e6b4b0d3255bfef95601890afd80709','')

[ 2017-08-08T17:59:32+08:00 ] ::1 /weibo/Home/user/
ERR: ÈùûÊ≥ïÊìç‰Ωú:index

[ 2017-08-08T17:59:34+08:00 ] ::1 /weibo/Home/user/register
ERR: 1364:Field 'create' doesn't have a default value
 [ SQLËØ≠Âè• ] : INSERT INTO `weibo_user` (`username`,`password`,`email`) VALUES ('','da39a3ee5e6b4b0d3255bfef95601890afd80709','')

[ 2017-08-08T18:00:01+08:00 ] ::1 /weibo/Home/User/register
INFO: [ app_begin ] --START--
INFO: Run Behavior\ReadHtmlCacheBehavior [ RunTime:0.000857s ]
INFO: [ app_begin ] --END-- [ RunTime:0.001302s ]
SQL: SHOW COLUMNS FROM `weibo_user` [ RunTime:0.0007s ]
ERR: 1364:Field 'create' doesn't have a default value
 [ SQLËØ≠Âè• ] : INSERT INTO `weibo_user` (`username`,`password`,`email`) VALUES ('cr7wan','3d4f2bf07dc1be38b20cd6e46949a1071f9d0e3d','cr7wan@qq.com')
ERR: 1364:Field 'create' doesn't have a default value
 [ SQLËØ≠Âè• ] : INSERT INTO `weibo_user` (`username`,`password`,`email`) VALUES ('cr7wan','3d4f2bf07dc1be38b20cd6e46949a1071f9d0e3d','cr7wan@qq.com')

[ 2017-08-08T18:01:30+08:00 ] ::1 /weibo/Home/User/register
INFO: [ app_begin ] --START--
INFO: Run Behavior\ReadHtmlCacheBehavior [ RunTime:0.001238s ]
INFO: [ app_begin ] --END-- [ RunTime:0.001837s ]
SQL: SHOW COLUMNS FROM `weibo_user` [ RunTime:0.0007s ]
SQL: INSERT INTO `weibo_user` (`username`,`password`,`email`,`create`) VALUES ('cr7wan','3d4f2bf07dc1be38b20cd6e46949a1071f9d0e3d','cr7wan@qq.com','1502186490') [ RunTime:0.0010s ]
INFO: [ app_end ] --START--
INFO: Run Behavior\ShowPageTraceBehavior [ RunTime:0.001033s ]
INFO: [ app_end ] --END-- [ RunTime:0.001125s ]

[ 2017-08-08T18:01:32+08:00 ] ::1 /weibo/Home/User/register
INFO: [ app_begin ] --START--
INFO: Run Behavior\ReadHtmlCacheBehavior [ RunTime:0.000807s ]
INFO: [ app_begin ] --END-- [ RunTime:0.001258s ]
SQL: SHOW COLUMNS FROM `weibo_user` [ RunTime:0.0006s ]
ERR: 1062:Duplicate entry 'cr7wan' for key 'weibo_user_username_uindex'
 [ SQLËØ≠Âè• ] : INSERT INTO `weibo_user` (`username`,`password`,`email`,`create`) VALUES ('cr7wan','3d4f2bf07dc1be38b20cd6e46949a1071f9d0e3d','cr7wan@qq.com','1502186492')
ERR: 1062:Duplicate entry 'cr7wan' for key 'weibo_user_username_uindex'
 [ SQLËØ≠Âè• ] : INSERT INTO `weibo_user` (`username`,`password`,`email`,`create`) VALUES ('cr7wan','3d4f2bf07dc1be38b20cd6e46949a1071f9d0e3d','cr7wan@qq.com','1502186492')

[ 2017-08-08T18:01:32+08:00 ] ::1 /weibo/Home/User/register
INFO: [ app_begin ] --START--
INFO: Run Behavior\ReadHtmlCacheBehavior [ RunTime:0.000914s ]
INFO: [ app_begin ] --END-- [ RunTime:0.001437s ]
SQL: SHOW COLUMNS FROM `weibo_user` [ RunTime:0.0006s ]
ERR: 1062:Duplicate entry 'cr7wan' for key 'weibo_user_username_uindex'
 [ SQLËØ≠Âè• ] : INSERT INTO `weibo_user` (`username`,`password`,`email`,`create`) VALUES ('cr7wan','3d4f2bf07dc1be38b20cd6e46949a1071f9d0e3d','cr7wan@qq.com','1502186492')
ERR: 1062:Duplicate entry 'cr7wan' for key 'weibo_user_username_uindex'
 [ SQLËØ≠Âè• ] : INSERT INTO `weibo_user` (`username`,`password`,`email`,`create`) VALUES ('cr7wan','3d4f2bf07dc1be38b20cd6e46949a1071f9d0e3d','cr7wan@qq.com','1502186492')

[ 2017-08-08T18:01:32+08:00 ] ::1 /weibo/Home/User/register
INFO: [ app_begin ] --START--
INFO: Run Behavior\ReadHtmlCacheBehavior [ RunTime:0.000840s ]
INFO: [ app_begin ] --END-- [ RunTime:0.001318s ]
SQL: SHOW COLUMNS FROM `weibo_user` [ RunTime:0.0007s ]
ERR: 1062:Duplicate entry 'cr7wan' for key 'weibo_user_username_uindex'
 [ SQLËØ≠Âè• ] : INSERT INTO `weibo_user` (`username`,`password`,`email`,`create`) VALUES ('cr7wan','3d4f2bf07dc1be38b20cd6e46949a1071f9d0e3d','cr7wan@qq.com','1502186492')
ERR: 1062:Duplicate entry 'cr7wan' for key 'weibo_user_username_uindex'
 [ SQLËØ≠Âè• ] : INSERT INTO `weibo_user` (`username`,`password`,`email`,`create`) VALUES ('cr7wan','3d4f2bf07dc1be38b20cd6e46949a1071f9d0e3d','cr7wan@qq.com','1502186492')

[ 2017-08-08T18:01:35+08:00 ] ::1 /weibo/Home/User/register
INFO: [ app_begin ] --START--
INFO: Run Behavior\ReadHtmlCacheBehavior [ RunTime:0.001038s ]
INFO: [ app_begin ] --END-- [ RunTime:0.001557s ]
SQL: SHOW COLUMNS FROM `weibo_user` [ RunTime:0.0006s ]
ERR: 1062:Duplicate entry 'cr7wan' for key 'weibo_user_username_uindex'
 [ SQLËØ≠Âè• ] : INSERT INTO `weibo_user` (`username`,`password`,`email`,`create`) VALUES ('cr7wan','3d4f2bf07dc1be38b20cd6e46949a1071f9d0e3d','cr7wan@qq.com','1502186495')
ERR: 1062:Duplicate entry 'cr7wan' for key 'weibo_user_username_uindex'
 [ SQLËØ≠Âè• ] : INSERT INTO `weibo_user` (`username`,`password`,`email`,`create`) VALUES ('cr7wan','3d4f2bf07dc1be38b20cd6e46949a1071f9d0e3d','cr7wan@qq.com','1502186495')

[ 2017-08-08T18:02:02+08:00 ] ::1 /weibo/Public/Home/js/jquery-1.10.2.min.map
ERR: Êó†Ê≥ïÂä†ËΩΩÊéßÂà∂Âô®:Public

[ 2017-08-08T18:02:38+08:00 ] ::1 /weibo/Home/User/register
INFO: [ app_begin ] --START--
INFO: Run Behavior\ReadHtmlCacheBehavior [ RunTime:0.000921s ]
INFO: [ app_begin ] --END-- [ RunTime:0.001460s ]
SQL: SHOW COLUMNS FROM `weibo_user` [ RunTime:0.0006s ]
ERR: 1062:Duplicate entry 'cr7wan' for key 'weibo_user_username_uindex'
 [ SQLËØ≠Âè• ] : INSERT INTO `weibo_user` (`username`,`password`,`email`,`create`) VALUES ('cr7wan','3d4f2bf07dc1be38b20cd6e46949a1071f9d0e3d','cr7wan@qq.com','1502186558')
ERR: 1062:Duplicate entry 'cr7wan' for key 'weibo_user_username_uindex'
 [ SQLËØ≠Âè• ] : INSERT INTO `weibo_user` (`username`,`password`,`email`,`create`) VALUES ('cr7wan','3d4f2bf07dc1be38b20cd6e46949a1071f9d0e3d','cr7wan@qq.com','1502186558')

[ 2017-08-08T18:03:22+08:00 ] ::1 /weibo/Home/User/register
INFO: [ app_begin ] --START--
INFO: Run Behavior\ReadHtmlCacheBehavior [ RunTime:0.001257s ]
INFO: [ app_begin ] --END-- [ RunTime:0.001889s ]
SQL: SHOW COLUMNS FROM `weibo_user` [ RunTime:0.0008s ]
ERR: 1062:Duplicate entry 'cr7wan' for key 'weibo_user_username_uindex'
 [ SQLËØ≠Âè• ] : INSERT INTO `weibo_user` (`username`,`password`,`email`,`create`) VALUES ('cr7wan','3d4f2bf07dc1be38b20cd6e46949a1071f9d0e3d','cr7wan@qq.com','1502186602')
ERR: 1062:Duplicate entry 'cr7wan' for key 'weibo_user_username_uindex'
 [ SQLËØ≠Âè• ] : INSERT INTO `weibo_user` (`username`,`password`,`email`,`create`) VALUES ('cr7wan','3d4f2bf07dc1be38b20cd6e46949a1071f9d0e3d','cr7wan@qq.com','1502186602')

[ 2017-08-08T18:03:23+08:00 ] ::1 /weibo/Home/User/register
INFO: [ app_begin ] --START--
INFO: Run Behavior\ReadHtmlCacheBehavior [ RunTime:0.001188s ]
INFO: [ app_begin ] --END-- [ RunTime:0.001820s ]
SQL: SHOW COLUMNS FROM `weibo_user` [ RunTime:0.0008s ]
ERR: 1062:Duplicate entry 'cr7wan' for key 'weibo_user_username_uindex'
 [ SQLËØ≠Âè• ] : INSERT INTO `weibo_user` (`username`,`password`,`email`,`create`) VALUES ('cr7wan','3d4f2bf07dc1be38b20cd6e46949a1071f9d0e3d','cr7wan@qq.com','1502186603')
ERR: 1062:Duplicate entry 'cr7wan' for key 'weibo_user_username_uindex'
 [ SQLËØ≠Âè• ] : INSERT INTO `weibo_user` (`username`,`password`,`email`,`create`) VALUES ('cr7wan','3d4f2bf07dc1be38b20cd6e46949a1071f9d0e3d','cr7wan@qq.com','1502186603')

[ 2017-08-08T18:48:47+08:00 ] ::1 /weibo/Home/User/register
INFO: [ app_begin ] --START--
INFO: Run Behavior\ReadHtmlCacheBehavior [ RunTime:0.001212s ]
INFO: [ app_begin ] --END-- [ RunTime:0.001788s ]
SQL: SHOW COLUMNS FROM `weibo_user` [ RunTime:0.0019s ]
ERR: 1048:Column 'username' cannot be null
 [ SQLËØ≠Âè• ] : INSERT INTO `weibo_user` (`username`,`password`,`email`,`create`) VALUES (NULL,'3d4f2bf07dc1be38b20cd6e46949a1071f9d0e3d','cr7wan@qq.com','1502189327')
ERR: 1048:Column 'username' cannot be null
 [ SQLËØ≠Âè• ] : INSERT INTO `weibo_user` (`username`,`password`,`email`,`create`) VALUES (NULL,'3d4f2bf07dc1be38b20cd6e46949a1071f9d0e3d','cr7wan@qq.com','1502189327')

[ 2017-08-08T18:50:39+08:00 ] ::1 /weibo/Home/User/register
INFO: [ app_begin ] --START--
INFO: Run Behavior\ReadHtmlCacheBehavior [ RunTime:0.001138s ]
INFO: [ app_begin ] --END-- [ RunTime:0.001660s ]
SQL: SHOW COLUMNS FROM `weibo_user` [ RunTime:0.0008s ]
ERR: 1048:Column 'username' cannot be null
 [ SQLËØ≠Âè• ] : INSERT INTO `weibo_user` (`username`,`password`,`email`,`create`) VALUES (NULL,'3d4f2bf07dc1be38b20cd6e46949a1071f9d0e3d','cr7wan@qq.com','1502189439')
ERR: 1048:Column 'username' cannot be null
 [ SQLËØ≠Âè• ] : INSERT INTO `weibo_user` (`username`,`password`,`email`,`create`) VALUES (NULL,'3d4f2bf07dc1be38b20cd6e46949a1071f9d0e3d','cr7wan@qq.com','1502189439')

[ 2017-08-08T18:50:40+08:00 ] ::1 /weibo/Home/User/register
INFO: [ app_begin ] --START--
INFO: Run Behavior\ReadHtmlCacheBehavior [ RunTime:0.001568s ]
INFO: [ app_begin ] --END-- [ RunTime:0.002374s ]
SQL: SHOW COLUMNS FROM `weibo_user` [ RunTime:0.0007s ]
ERR: 1048:Column 'username' cannot be null
 [ SQLËØ≠Âè• ] : INSERT INTO `weibo_user` (`username`,`password`,`email`,`create`) VALUES (NULL,'3d4f2bf07dc1be38b20cd6e46949a1071f9d0e3d','cr7wan@qq.com','1502189440')
ERR: 1048:Column 'username' cannot be null
 [ SQLËØ≠Âè• ] : INSERT INTO `weibo_user` (`username`,`password`,`email`,`create`) VALUES (NULL,'3d4f2bf07dc1be38b20cd6e46949a1071f9d0e3d','cr7wan@qq.com','1502189440')

[ 2017-08-08T18:50:40+08:00 ] ::1 /weibo/Home/User/register
INFO: [ app_begin ] --START--
INFO: Run Behavior\ReadHtmlCacheBehavior [ RunTime:0.000826s ]
INFO: [ app_begin ] --END-- [ RunTime:0.001253s ]
SQL: SHOW COLUMNS FROM `weibo_user` [ RunTime:0.0007s ]
ERR: 1048:Column 'username' cannot be null
 [ SQLËØ≠Âè• ] : INSERT INTO `weibo_user` (`username`,`password`,`email`,`create`) VALUES (NULL,'3d4f2bf07dc1be38b20cd6e46949a1071f9d0e3d','cr7wan@qq.com','1502189440')
ERR: 1048:Column 'username' cannot be null
 [ SQLËØ≠Âè• ] : INSERT INTO `weibo_user` (`username`,`password`,`email`,`create`) VALUES (NULL,'3d4f2bf07dc1be38b20cd6e46949a1071f9d0e3d','cr7wan@qq.com','1502189440')

[ 2017-08-08T18:50:40+08:00 ] ::1 /weibo/Home/User/register
INFO: [ app_begin ] --START--
INFO: Run Behavior\ReadHtmlCacheBehavior [ RunTime:0.000855s ]
INFO: [ app_begin ] --END-- [ RunTime:0.001365s ]
SQL: SHOW COLUMNS FROM `weibo_user` [ RunTime:0.0006s ]
ERR: 1048:Column 'username' cannot be null
 [ SQLËØ≠Âè• ] : INSERT INTO `weibo_user` (`username`,`password`,`email`,`create`) VALUES (NULL,'3d4f2bf07dc1be38b20cd6e46949a1071f9d0e3d','cr7wan@qq.com','1502189440')
ERR: 1048:Column 'username' cannot be null
 [ SQLËØ≠Âè• ] : INSERT INTO `weibo_user` (`username`,`password`,`email`,`create`) VALUES (NULL,'3d4f2bf07dc1be38b20cd6e46949a1071f9d0e3d','cr7wan@qq.com','1502189440')

[ 2017-08-08T18:50:48+08:00 ] ::1 /weibo/Home/User/register
INFO: [ app_begin ] --START--
INFO: Run Behavior\ReadHtmlCacheBehavior [ RunTime:0.001333s ]
INFO: [ app_begin ] --END-- [ RunTime:0.001770s ]
SQL: SHOW COLUMNS FROM `weibo_user` [ RunTime:0.0007s ]
ERR: 1048:Column 'username' cannot be null
 [ SQLËØ≠Âè• ] : INSERT INTO `weibo_user` (`username`,`password`,`email`,`create`) VALUES (NULL,'3d4f2bf07dc1be38b20cd6e46949a1071f9d0e3d','hhh@qq.com','1502189448')
ERR: 1048:Column 'username' cannot be null
 [ SQLËØ≠Âè• ] : INSERT INTO `weibo_user` (`username`,`password`,`email`,`create`) VALUES (NULL,'3d4f2bf07dc1be38b20cd6e46949a1071f9d0e3d','hhh@qq.com','1502189448')

[ 2017-08-08T18:51:45+08:00 ] ::1 /weibo/Home/User/register
INFO: [ app_begin ] --START--
INFO: Run Behavior\ReadHtmlCacheBehavior [ RunTime:0.000879s ]
INFO: [ app_begin ] --END-- [ RunTime:0.001567s ]
SQL: SHOW COLUMNS FROM `weibo_user` [ RunTime:0.0006s ]
SQL: INSERT INTO `weibo_user` (`username`,`password`,`email`,`create`) VALUES ('ÂìàÂìàÈªë','3d4f2bf07dc1be38b20cd6e46949a1071f9d0e3d','hhh@qq.com','1502189505') [ RunTime:0.0005s ]
INFO: [ app_end ] --START--
INFO: Run Behavior\ShowPageTraceBehavior [ RunTime:0.000927s ]
INFO: [ app_end ] --END-- [ RunTime:0.001053s ]

[ 2017-08-08T19:06:06+08:00 ] ::1 /weibo/Home/User/register
INFO: [ app_begin ] --START--
INFO: Run Behavior\ReadHtmlCacheBehavior [ RunTime:0.001577s ]
INFO: [ app_begin ] --END-- [ RunTime:0.002335s ]
SQL: SHOW COLUMNS FROM `weibo_user` [ RunTime:0.0010s ]
ERR: 1062:Duplicate entry 'ÂìàÂìàÈªë' for key 'weibo_user_username_uindex'
 [ SQLËØ≠Âè• ] : INSERT INTO `weibo_user` (`username`,`password`,`email`,`create`) VALUES ('ÂìàÂìàÈªë','3d4f2bf07dc1be38b20cd6e46949a1071f9d0e3d','hhh@qq.com','1502190366')
ERR: 1062:Duplicate entry 'ÂìàÂìàÈªë' for key 'weibo_user_username_uindex'
 [ SQLËØ≠Âè• ] : INSERT INTO `weibo_user` (`username`,`password`,`email`,`create`) VALUES ('ÂìàÂìàÈªë','3d4f2bf07dc1be38b20cd6e46949a1071f9d0e3d','hhh@qq.com','1502190366')

[ 2017-08-08T19:06:27+08:00 ] ::1 /weibo/Home/User/register
INFO: [ app_begin ] --START--
INFO: Run Behavior\ReadHtmlCacheBehavior [ RunTime:0.000939s ]
INFO: [ app_begin ] --END-- [ RunTime:0.001431s ]
SQL: SHOW COLUMNS FROM `weibo_user` [ RunTime:0.0006s ]
SQL: INSERT INTO `weibo_user` (`username`,`password`,`email`,`create`) VALUES ('Âï¶Âï¶Âï¶','2ea6201a068c5fa0eea5d81a3863321a87f8d533','lll@qq.com','1502190387') [ RunTime:0.0004s ]
INFO: [ app_end ] --START--
INFO: Run Behavior\ShowPageTraceBehavior [ RunTime:0.000974s ]
INFO: [ app_end ] --END-- [ RunTime:0.001069s ]

[ 2017-08-08T19:41:39+08:00 ] ::1 /weibo/Home/User/register
INFO: [ app_begin ] --START--
INFO: Run Behavior\ReadHtmlCacheBehavior [ RunTime:0.000994s ]
INFO: [ app_begin ] --END-- [ RunTime:0.001681s ]
SQL: SHOW COLUMNS FROM `weibo_user` [ RunTime:0.0027s ]
NOTIC: [8] Undefined variable: user E:\wamp64\www\weibo\App\Home\Model\UserModel.class.php Á¨¨ 28 Ë°å.

[ 2017-08-08T19:54:37+08:00 ] ::1 /weibo/Home/User/register
INFO: [ app_begin ] --START--
INFO: Run Behavior\ReadHtmlCacheBehavior [ RunTime:0.000912s ]
INFO: [ app_begin ] --END-- [ RunTime:0.001408s ]
SQL: SHOW COLUMNS FROM `weibo_user` [ RunTime:0.0013s ]
NOTIC: [8] Undefined index: validate E:\wamp64\www\weibo\ThinkPHP\Library\Think\Model.class.php Á¨¨ 1185 Ë°å.
NOTIC: [8] Undefined index: auto E:\wamp64\www\weibo\ThinkPHP\Library\Think\Model.class.php Á¨¨ 1128 Ë°å.
SQL: INSERT INTO `weibo_user` (`username`,`password`,`email`,`create`) VALUES ('sally','3d4f2bf07dc1be38b20cd6e46949a1071f9d0e3d','sally.@qq.com','1502193277') [ RunTime:0.0006s ]
INFO: [ app_end ] --START--
INFO: Run Behavior\ShowPageTraceBehavior [ RunTime:0.001726s ]
INFO: [ app_end ] --END-- [ RunTime:0.001881s ]

[ 2017-08-08T20:09:03+08:00 ] ::1 /weibo/Home/User/register
INFO: [ app_begin ] --START--
INFO: Run Behavior\ReadHtmlCacheBehavior [ RunTime:0.001257s ]
INFO: [ app_begin ] --END-- [ RunTime:0.001942s ]
SQL: SHOW COLUMNS FROM `weibo_user` [ RunTime:0.0010s ]
NOTIC: [8] Undefined index: validate E:\wamp64\www\weibo\ThinkPHP\Library\Think\Model.class.php Á¨¨ 1185 Ë°å.
NOTIC: [8] Undefined index: auto E:\wamp64\www\weibo\ThinkPHP\Library\Think\Model.class.php Á¨¨ 1128 Ë°å.
ERR: 1062:Duplicate entry 'sally' for key 'weibo_user_username_uindex'
 [ SQLËØ≠Âè• ] : INSERT INTO `weibo_user` (`username`,`password`,`email`,`create`) VALUES ('sally','3d4f2bf07dc1be38b20cd6e46949a1071f9d0e3d','sally.@qq.com','1502194143')
ERR: 1062:Duplicate entry 'sally' for key 'weibo_user_username_uindex'
 [ SQLËØ≠Âè• ] : INSERT INTO `weibo_user` (`username`,`password`,`email`,`create`) VALUES ('sally','3d4f2bf07dc1be38b20cd6e46949a1071f9d0e3d','sally.@qq.com','1502194143')

[ 2017-08-08T20:09:26+08:00 ] ::1 /weibo/Home/User/register
INFO: [ app_begin ] --START--
INFO: Run Behavior\ReadHtmlCacheBehavior [ RunTime:0.000884s ]
INFO: [ app_begin ] --END-- [ RunTime:0.001360s ]
SQL: SHOW COLUMNS FROM `weibo_user` [ RunTime:0.0010s ]
NOTIC: [8] Undefined index: validate E:\wamp64\www\weibo\ThinkPHP\Library\Think\Model.class.php Á¨¨ 1185 Ë°å.
NOTIC: [8] Undefined index: auto E:\wamp64\www\weibo\ThinkPHP\Library\Think\Model.class.php Á¨¨ 1128 Ë°å.
ERR: 1062:Duplicate entry 'sally' for key 'weibo_user_username_uindex'
 [ SQLËØ≠Âè• ] : INSERT INTO `weibo_user` (`username`,`password`,`email`,`create`) VALUES ('sally','3d4f2bf07dc1be38b20cd6e46949a1071f9d0e3d','sally.@qq.com','1502194166')
ERR: 1062:Duplicate entry 'sally' for key 'weibo_user_username_uindex'
 [ SQLËØ≠Âè• ] : INSERT INTO `weibo_user` (`username`,`password`,`email`,`create`) VALUES ('sally','3d4f2bf07dc1be38b20cd6e46949a1071f9d0e3d','sally.@qq.com','1502194166')

[ 2017-08-08T20:09:26+08:00 ] ::1 /weibo/Home/User/register
INFO: [ app_begin ] --START--
INFO: Run Behavior\ReadHtmlCacheBehavior [ RunTime:0.000910s ]
INFO: [ app_begin ] --END-- [ RunTime:0.001380s ]
SQL: SHOW COLUMNS FROM `weibo_user` [ RunTime:0.0008s ]
NOTIC: [8] Undefined index: validate E:\wamp64\www\weibo\ThinkPHP\Library\Think\Model.class.php Á¨¨ 1185 Ë°å.
NOTIC: [8] Undefined index: auto E:\wamp64\www\weibo\ThinkPHP\Library\Think\Model.class.php Á¨¨ 1128 Ë°å.
ERR: 1062:Duplicate entry 'sally' for key 'weibo_user_username_uindex'
 [ SQLËØ≠Âè• ] : INSERT INTO `weibo_user` (`username`,`password`,`email`,`create`) VALUES ('sally','3d4f2bf07dc1be38b20cd6e46949a1071f9d0e3d','sally.@qq.com','1502194166')
ERR: 1062:Duplicate entry 'sally' for key 'weibo_user_username_uindex'
 [ SQLËØ≠Âè• ] : INSERT INTO `weibo_user` (`username`,`password`,`email`,`create`) VALUES ('sally','3d4f2bf07dc1be38b20cd6e46949a1071f9d0e3d','sally.@qq.com','1502194166')

[ 2017-08-08T20:36:29+08:00 ] ::1 /weibo/Home/User/register
INFO: [ app_begin ] --START--
INFO: Run Behavior\ReadHtmlCacheBehavior [ RunTime:0.000882s ]
INFO: [ app_begin ] --END-- [ RunTime:0.001362s ]
SQL: SHOW COLUMNS FROM `weibo_user` [ RunTime:0.0024s ]
NOTIC: [8] Undefined index: validate E:\wamp64\www\weibo\ThinkPHP\Library\Think\Model.class.php Á¨¨ 1185 Ë°å.
NOTIC: [8] Undefined index: auto E:\wamp64\www\weibo\ThinkPHP\Library\Think\Model.class.php Á¨¨ 1128 Ë°å.
ERR: 1062:Duplicate entry 'Âï¶Âï¶Âï¶' for key 'weibo_user_username_uindex'
 [ SQLËØ≠Âè• ] : INSERT INTO `weibo_user` (`username`,`password`,`email`,`create`) VALUES ('Âï¶Âï¶Âï¶','da39a3ee5e6b4b0d3255bfef95601890afd80709','','1502195789')
ERR: 1062:Duplicate entry 'Âï¶Âï¶Âï¶' for key 'weibo_user_username_uindex'
 [ SQLËØ≠Âè• ] : INSERT INTO `weibo_user` (`username`,`password`,`email`,`create`) VALUES ('Âï¶Âï¶Âï¶','da39a3ee5e6b4b0d3255bfef95601890afd80709','','1502195789')

[ 2017-08-08T20:37:02+08:00 ] ::1 /weibo/Home/User/register
INFO: [ app_begin ] --START--
INFO: Run Behavior\ReadHtmlCacheBehavior [ RunTime:0.001182s ]
INFO: [ app_begin ] --END-- [ RunTime:0.001744s ]
SQL: SHOW COLUMNS FROM `weibo_user` [ RunTime:0.0011s ]
NOTIC: [8] Undefined index: validate E:\wamp64\www\weibo\ThinkPHP\Library\Think\Model.class.php Á¨¨ 1185 Ë°å.
NOTIC: [8] Undefined index: auto E:\wamp64\www\weibo\ThinkPHP\Library\Think\Model.class.php Á¨¨ 1128 Ë°å.
ERR: 1062:Duplicate entry 'Âï¶Âï¶Âï¶' for key 'weibo_user_username_uindex'
 [ SQLËØ≠Âè• ] : INSERT INTO `weibo_user` (`username`,`password`,`email`,`create`) VALUES ('Âï¶Âï¶Âï¶','da39a3ee5e6b4b0d3255bfef95601890afd80709','','1502195822')
ERR: 1062:Duplicate entry 'Âï¶Âï¶Âï¶' for key 'weibo_user_username_uindex'
 [ SQLËØ≠Âè• ] : INSERT INTO `weibo_user` (`username`,`password`,`email`,`create`) VALUES ('Âï¶Âï¶Âï¶','da39a3ee5e6b4b0d3255bfef95601890afd80709','','1502195822')

[ 2017-08-08T20:37:05+08:00 ] ::1 /weibo/Home/User/register
INFO: [ app_begin ] --START--
INFO: Run Behavior\ReadHtmlCacheBehavior [ RunTime:0.001376s ]
INFO: [ app_begin ] --END-- [ RunTime:0.002152s ]
SQL: SHOW COLUMNS FROM `weibo_user` [ RunTime:0.0014s ]
NOTIC: [8] Undefined index: validate E:\wamp64\www\weibo\ThinkPHP\Library\Think\Model.class.php Á¨¨ 1185 Ë°å.
NOTIC: [8] Undefined index: auto E:\wamp64\www\weibo\ThinkPHP\Library\Think\Model.class.php Á¨¨ 1128 Ë°å.
SQL: INSERT INTO `weibo_user` (`username`,`password`,`email`,`create`) VALUES ('','da39a3ee5e6b4b0d3255bfef95601890afd80709','','1502195825') [ RunTime:0.0005s ]
INFO: [ app_end ] --START--
INFO: Run Behavior\ShowPageTraceBehavior [ RunTime:0.001547s ]
INFO: [ app_end ] --END-- [ RunTime:0.001711s ]

[ 2017-08-08T20:37:14+08:00 ] ::1 /weibo/Home/User/register
INFO: [ app_begin ] --START--
INFO: Run Behavior\ReadHtmlCacheBehavior [ RunTime:0.001154s ]
INFO: [ app_begin ] --END-- [ RunTime:0.001729s ]
SQL: SHOW COLUMNS FROM `weibo_user` [ RunTime:0.0010s ]
NOTIC: [8] Undefined index: validate E:\wamp64\www\weibo\ThinkPHP\Library\Think\Model.class.php Á¨¨ 1185 Ë°å.
NOTIC: [8] Undefined index: auto E:\wamp64\www\weibo\ThinkPHP\Library\Think\Model.class.php Á¨¨ 1128 Ë°å.
ERR: 1062:Duplicate entry '' for key 'weibo_user_username_uindex'
 [ SQLËØ≠Âè• ] : INSERT INTO `weibo_user` (`username`,`password`,`email`,`create`) VALUES ('','da39a3ee5e6b4b0d3255bfef95601890afd80709','','1502195834')
ERR: 1062:Duplicate entry '' for key 'weibo_user_username_uindex'
 [ SQLËØ≠Âè• ] : INSERT INTO `weibo_user` (`username`,`password`,`email`,`create`) VALUES ('','da39a3ee5e6b4b0d3255bfef95601890afd80709','','1502195834')

[ 2017-08-08T20:47:28+08:00 ] ::1 /weibo/Public/Home/js/jquery-1.10.2.min.map
ERR: Êó†Ê≥ïÂä†ËΩΩÊéßÂà∂Âô®:Public

[ 2017-08-08T20:47:29+08:00 ] ::1 /weibo/Public/Home/js/jquery-1.10.2.min.map
ERR: Êó†Ê≥ïÂä†ËΩΩÊéßÂà∂Âô®:Public

[ 2017-08-08T20:47:33+08:00 ] ::1 /weibo/Home/User/register
INFO: [ app_begin ] --START--
INFO: Run Behavior\ReadHtmlCacheBehavior [ RunTime:0.000718s ]
INFO: [ app_begin ] --END-- [ RunTime:0.001150s ]

[ 2017-08-08T20:47:55+08:00 ] ::1 /weibo/Home/User/register
INFO: [ app_begin ] --START--
INFO: Run Behavior\ReadHtmlCacheBehavior [ RunTime:0.000716s ]
INFO: [ app_begin ] --END-- [ RunTime:0.001148s ]

[ 2017-08-08T20:51:49+08:00 ] ::1 /weibo/Public/Home/js/jquery-1.10.2.min.map
ERR: Êó†Ê≥ïÂä†ËΩΩÊéßÂà∂Âô®:Public

[ 2017-08-08T20:51:56+08:00 ] ::1 /weibo/Home/User/register
INFO: [ app_begin ] --START--
INFO: Run Behavior\ReadHtmlCacheBehavior [ RunTime:0.000850s ]
INFO: [ app_begin ] --END-- [ RunTime:0.001337s ]
SQL: SHOW COLUMNS FROM `weibo_user` [ RunTime:0.0008s ]
NOTIC: [8] Undefined index: validate E:\wamp64\www\weibo\ThinkPHP\Library\Think\Model.class.php Á¨¨ 1185 Ë°å.
INFO: [ app_end ] --START--
INFO: Run Behavior\ShowPageTraceBehavior [ RunTime:0.001468s ]
INFO: [ app_end ] --END-- [ RunTime:0.001613s ]

[ 2017-08-08T20:52:55+08:00 ] ::1 /weibo/Home/User/register
INFO: [ app_begin ] --START--
INFO: Run Behavior\ReadHtmlCacheBehavior [ RunTime:0.000969s ]
INFO: [ app_begin ] --END-- [ RunTime:0.001489s ]
SQL: SHOW COLUMNS FROM `weibo_user` [ RunTime:0.0008s ]
NOTIC: [8] Undefined index: validate E:\wamp64\www\weibo\ThinkPHP\Library\Think\Model.class.php Á¨¨ 1185 Ë°å.
INFO: [ app_end ] --START--
INFO: Run Behavior\ShowPageTraceBehavior [ RunTime:0.001465s ]
INFO: [ app_end ] --END-- [ RunTime:0.001633s ]

[ 2017-08-08T21:01:00+08:00 ] ::1 /weibo/Home/User/register
INFO: [ app_begin ] --START--
INFO: Run Behavior\ReadHtmlCacheBehavior [ RunTime:0.000855s ]
INFO: [ app_begin ] --END-- [ RunTime:0.001304s ]
SQL: SHOW COLUMNS FROM `weibo_user` [ RunTime:0.0008s ]
NOTIC: [8] Undefined index: validate E:\wamp64\www\weibo\ThinkPHP\Library\Think\Model.class.php Á¨¨ 1185 Ë°å.
INFO: [ app_end ] --START--
INFO: Run Behavior\ShowPageTraceBehavior [ RunTime:0.001506s ]
INFO: [ app_end ] --END-- [ RunTime:0.001637s ]

[ 2017-08-08T21:02:47+08:00 ] ::1 /weibo/Public/Home/js/jquery-1.10.2.min.map
ERR: Êó†Ê≥ïÂä†ËΩΩÊéßÂà∂Âô®:Public

[ 2017-08-08T21:02:51+08:00 ] ::1 /weibo/Home/User/register
INFO: [ app_begin ] --START--
INFO: Run Behavior\ReadHtmlCacheBehavior [ RunTime:0.000783s ]
INFO: [ app_begin ] --END-- [ RunTime:0.001337s ]
SQL: SHOW COLUMNS FROM `weibo_user` [ RunTime:0.0007s ]
NOTIC: [8] Undefined index: validate E:\wamp64\www\weibo\ThinkPHP\Library\Think\Model.class.php Á¨¨ 1185 Ë°å.
INFO: [ app_end ] --START--
INFO: Run Behavior\ShowPageTraceBehavior [ RunTime:0.002310s ]
INFO: [ app_end ] --END-- [ RunTime:0.002518s ]

[ 2017-08-08T21:03:16+08:00 ] ::1 /weibo/Home/User/register
INFO: [ app_begin ] --START--
INFO: Run Behavior\ReadHtmlCacheBehavior [ RunTime:0.001104s ]
INFO: [ app_begin ] --END-- [ RunTime:0.001793s ]
SQL: SHOW COLUMNS FROM `weibo_user` [ RunTime:0.0007s ]
NOTIC: [8] Undefined index: validate E:\wamp64\www\weibo\ThinkPHP\Library\Think\Model.class.php Á¨¨ 1185 Ë°å.
INFO: [ app_end ] --START--
INFO: Run Behavior\ShowPageTraceBehavior [ RunTime:0.000843s ]
INFO: [ app_end ] --END-- [ RunTime:0.000932s ]

[ 2017-08-08T22:16:27+08:00 ] ::1 /weibo/Home/User/register
INFO: [ app_begin ] --START--
INFO: Run Behavior\ReadHtmlCacheBehavior [ RunTime:0.000944s ]
INFO: [ app_begin ] --END-- [ RunTime:0.001474s ]
SQL: SHOW COLUMNS FROM `weibo_user` [ RunTime:0.0018s ]
NOTIC: [8] Undefined index: validate E:\wamp64\www\weibo\ThinkPHP\Library\Think\Model.class.php Á¨¨ 1185 Ë°å.
INFO: [ app_end ] --START--
INFO: Run Behavior\ShowPageTraceBehavior [ RunTime:0.001229s ]
INFO: [ app_end ] --END-- [ RunTime:0.001386s ]

[ 2017-08-08T22:16:30+08:00 ] ::1 /weibo/Home/User/register
INFO: [ app_begin ] --START--
INFO: Run Behavior\ReadHtmlCacheBehavior [ RunTime:0.001360s ]
INFO: [ app_begin ] --END-- [ RunTime:0.002151s ]
SQL: SHOW COLUMNS FROM `weibo_user` [ RunTime:0.0012s ]
NOTIC: [8] Undefined index: validate E:\wamp64\www\weibo\ThinkPHP\Library\Think\Model.class.php Á¨¨ 1185 Ë°å.
INFO: [ app_end ] --START--
INFO: Run Behavior\ShowPageTraceBehavior [ RunTime:0.001541s ]
INFO: [ app_end ] --END-- [ RunTime:0.001692s ]

[ 2017-08-08T22:16:34+08:00 ] ::1 /weibo/Public/Home/js/jquery-1.10.2.min.map
ERR: Êó†Ê≥ïÂä†ËΩΩÊéßÂà∂Âô®:Public

[ 2017-08-08T22:16:41+08:00 ] ::1 /weibo/Home/User/register
INFO: [ app_begin ] --START--
INFO: Run Behavior\ReadHtmlCacheBehavior [ RunTime:0.000874s ]
INFO: [ app_begin ] --END-- [ RunTime:0.001415s ]
SQL: SHOW COLUMNS FROM `weibo_user` [ RunTime:0.0008s ]
NOTIC: [8] Undefined index: validate E:\wamp64\www\weibo\ThinkPHP\Library\Think\Model.class.php Á¨¨ 1185 Ë°å.
INFO: [ app_end ] --START--
INFO: Run Behavior\ShowPageTraceBehavior [ RunTime:0.000838s ]
INFO: [ app_end ] --END-- [ RunTime:0.000932s ]

[ 2017-08-08T22:16:52+08:00 ] ::1 /weibo/Home/User/register
INFO: [ app_begin ] --START--
INFO: Run Behavior\ReadHtmlCacheBehavior [ RunTime:0.001041s ]
INFO: [ app_begin ] --END-- [ RunTime:0.001685s ]
SQL: SHOW COLUMNS FROM `weibo_user` [ RunTime:0.0017s ]
NOTIC: [8] Undefined index: validate E:\wamp64\www\weibo\ThinkPHP\Library\Think\Model.class.php Á¨¨ 1185 Ë°å.
INFO: [ app_end ] --START--
INFO: Run Behavior\ShowPageTraceBehavior [ RunTime:0.002013s ]
INFO: [ app_end ] --END-- [ RunTime:0.002241s ]

[ 2017-08-08T22:17:07+08:00 ] ::1 /weibo/Home/User/register
INFO: [ app_begin ] --START--
INFO: Run Behavior\ReadHtmlCacheBehavior [ RunTime:0.001111s ]
INFO: [ app_begin ] --END-- [ RunTime:0.001985s ]
SQL: SHOW COLUMNS FROM `weibo_user` [ RunTime:0.0012s ]
NOTIC: [8] Undefined index: validate E:\wamp64\www\weibo\ThinkPHP\Library\Think\Model.class.php Á¨¨ 1185 Ë°å.
INFO: [ app_end ] --START--
INFO: Run Behavior\ShowPageTraceBehavior [ RunTime:0.001477s ]
INFO: [ app_end ] --END-- [ RunTime:0.001663s ]

[ 2017-08-08T22:17:15+08:00 ] ::1 /weibo/Home/User/register
INFO: [ app_begin ] --START--
INFO: Run Behavior\ReadHtmlCacheBehavior [ RunTime:0.000854s ]
INFO: [ app_begin ] --END-- [ RunTime:0.001352s ]
SQL: SHOW COLUMNS FROM `weibo_user` [ RunTime:0.0009s ]
NOTIC: [8] Undefined index: validate E:\wamp64\www\weibo\ThinkPHP\Library\Think\Model.class.php Á¨¨ 1185 Ë°å.
INFO: [ app_end ] --START--
INFO: Run Behavior\ShowPageTraceBehavior [ RunTime:0.001135s ]
INFO: [ app_end ] --END-- [ RunTime:0.001246s ]

[ 2017-08-08T22:26:38+08:00 ] ::1 /weibo/Public/Home/js/jquery-1.10.2.min.map
ERR: Êó†Ê≥ïÂä†ËΩΩÊéßÂà∂Âô®:Public

[ 2017-08-08T22:26:46+08:00 ] ::1 /weibo/Home/User/register
INFO: [ app_begin ] --START--
INFO: Run Behavior\ReadHtmlCacheBehavior [ RunTime:0.000887s ]
INFO: [ app_begin ] --END-- [ RunTime:0.001381s ]
SQL: SHOW COLUMNS FROM `weibo_user` [ RunTime:0.0008s ]
NOTIC: [8] Undefined index: validate E:\wamp64\www\weibo\ThinkPHP\Library\Think\Model.class.php Á¨¨ 1185 Ë°å.
INFO: [ app_end ] --START--
INFO: Run Behavior\ShowPageTraceBehavior [ RunTime:0.001001s ]
INFO: [ app_end ] --END-- [ RunTime:0.001099s ]

[ 2017-08-08T22:54:03+08:00 ] ::1 /weibo/Public/Home/js/jquery-1.10.2.min.map
ERR: Êó†Ê≥ïÂä†ËΩΩÊéßÂà∂Âô®:Public

[ 2017-08-08T22:54:26+08:00 ] ::1 /weibo/Home/User/register
INFO: [ app_begin ] --START--
INFO: Run Behavior\ReadHtmlCacheBehavior [ RunTime:0.000897s ]
INFO: [ app_begin ] --END-- [ RunTime:0.001395s ]

[ 2017-08-08T22:55:03+08:00 ] ::1 /weibo/Home/User/register
INFO: [ app_begin ] --START--
INFO: Run Behavior\ReadHtmlCacheBehavior [ RunTime:0.001182s ]
INFO: [ app_begin ] --END-- [ RunTime:0.001941s ]

[ 2017-08-08T22:58:08+08:00 ] ::1 /weibo/Public/Home/js/jquery-1.10.2.min.map
ERR: Êó†Ê≥ïÂä†ËΩΩÊéßÂà∂Âô®:Public

[ 2017-08-08T22:58:11+08:00 ] ::1 /weibo/Home/User/register
INFO: [ app_begin ] --START--
INFO: Run Behavior\ReadHtmlCacheBehavior [ RunTime:0.001180s ]
INFO: [ app_begin ] --END-- [ RunTime:0.001818s ]

[ 2017-08-08T22:58:20+08:00 ] ::1 /weibo/Home/User/register
INFO: [ app_begin ] --START--
INFO: Run Behavior\ReadHtmlCacheBehavior [ RunTime:0.000942s ]
INFO: [ app_begin ] --END-- [ RunTime:0.001419s ]

[ 2017-08-08T23:01:19+08:00 ] ::1 /weibo/Home/User/register
INFO: [ app_begin ] --START--
INFO: Run Behavior\ReadHtmlCacheBehavior [ RunTime:0.001483s ]
INFO: [ app_begin ] --END-- [ RunTime:0.002175s ]
SQL: SHOW COLUMNS FROM `weibo_user` [ RunTime:0.0024s ]
NOTIC: [8] Undefined index: validate E:\wamp64\www\weibo\ThinkPHP\Library\Think\Model.class.php Á¨¨ 1185 Ë°å.
INFO: [ app_end ] --START--
INFO: Run Behavior\ShowPageTraceBehavior [ RunTime:0.001537s ]
INFO: [ app_end ] --END-- [ RunTime:0.001691s ]

[ 2017-08-08T23:01:35+08:00 ] ::1 /weibo/Home/User/register
INFO: [ app_begin ] --START--
INFO: Run Behavior\ReadHtmlCacheBehavior [ RunTime:0.001361s ]
INFO: [ app_begin ] --END-- [ RunTime:0.002082s ]
SQL: SHOW COLUMNS FROM `weibo_user` [ RunTime:0.0012s ]
NOTIC: [8] Undefined index: validate E:\wamp64\www\weibo\ThinkPHP\Library\Think\Model.class.php Á¨¨ 1185 Ë°å.
NOTIC: [8] Undefined index: auto E:\wamp64\www\weibo\ThinkPHP\Library\Think\Model.class.php Á¨¨ 1128 Ë°å.
NOTIC: [2] sha1() expects at least 1 parameter, 0 given E:\wamp64\www\weibo\ThinkPHP\Library\Think\Model.class.php Á¨¨ 1154 Ë°å.
ERR: 1062:Duplicate entry 'cr7wan' for key 'weibo_user_username_uindex'
 [ SQLËØ≠Âè• ] : INSERT INTO `weibo_user` (`username`,`password`,`email`,`create`) VALUES ('cr7wan','3d4f2bf07dc1be38b20cd6e46949a1071f9d0e3d','123@qq.com','1502204495')
ERR: 1062:Duplicate entry 'cr7wan' for key 'weibo_user_username_uindex'
 [ SQLËØ≠Âè• ] : INSERT INTO `weibo_user` (`username`,`password`,`email`,`create`) VALUES ('cr7wan','3d4f2bf07dc1be38b20cd6e46949a1071f9d0e3d','123@qq.com','1502204495')

[ 2017-08-08T23:02:46+08:00 ] ::1 /weibo/Home/User/register
INFO: [ app_begin ] --START--
INFO: Run Behavior\ReadHtmlCacheBehavior [ RunTime:0.000925s ]
INFO: [ app_begin ] --END-- [ RunTime:0.001432s ]
SQL: SHOW COLUMNS FROM `weibo_user` [ RunTime:0.0010s ]
NOTIC: [8] Undefined index: validate E:\wamp64\www\weibo\ThinkPHP\Library\Think\Model.class.php Á¨¨ 1185 Ë°å.
INFO: [ app_end ] --START--
INFO: Run Behavior\ShowPageTraceBehavior [ RunTime:0.001169s ]
INFO: [ app_end ] --END-- [ RunTime:0.001273s ]

[ 2017-08-08T23:03:00+08:00 ] ::1 /weibo/Home/User/register
INFO: [ app_begin ] --START--
INFO: Run Behavior\ReadHtmlCacheBehavior [ RunTime:0.000960s ]
INFO: [ app_begin ] --END-- [ RunTime:0.001514s ]
SQL: SHOW COLUMNS FROM `weibo_user` [ RunTime:0.0014s ]
NOTIC: [8] Undefined index: validate E:\wamp64\www\weibo\ThinkPHP\Library\Think\Model.class.php Á¨¨ 1185 Ë°å.
NOTIC: [8] Undefined index: auto E:\wamp64\www\weibo\ThinkPHP\Library\Think\Model.class.php Á¨¨ 1128 Ë°å.
NOTIC: [2] sha1() expects at least 1 parameter, 0 given E:\wamp64\www\weibo\ThinkPHP\Library\Think\Model.class.php Á¨¨ 1154 Ë°å.
SQL: INSERT INTO `weibo_user` (`username`,`password`,`email`,`create`) VALUES ('cr7wan2','3d4f2bf07dc1be38b20cd6e46949a1071f9d0e3d','123@qq.com','1502204580') [ RunTime:0.0007s ]
INFO: [ app_end ] --START--
INFO: Run Behavior\ShowPageTraceBehavior [ RunTime:0.001458s ]
INFO: [ app_end ] --END-- [ RunTime:0.001599s ]

[ 2017-08-08T23:06:53+08:00 ] ::1 /weibo/Home/User/register
INFO: [ app_begin ] --START--
INFO: Run Behavior\ReadHtmlCacheBehavior [ RunTime:0.001131s ]
INFO: [ app_begin ] --END-- [ RunTime:0.001597s ]
SQL: SHOW COLUMNS FROM `weibo_user` [ RunTime:0.0009s ]
NOTIC: [8] Undefined index: validate E:\wamp64\www\weibo\ThinkPHP\Library\Think\Model.class.php Á¨¨ 1185 Ë°å.
NOTIC: [8] Undefined index: auto E:\wamp64\www\weibo\ThinkPHP\Library\Think\Model.class.php Á¨¨ 1128 Ë°å.
NOTIC: [2] sha1() expects at least 1 parameter, 0 given E:\wamp64\www\weibo\ThinkPHP\Library\Think\Model.class.php Á¨¨ 1154 Ë°å.
ERR: 1062:Duplicate entry 'cr7wan2' for key 'weibo_user_username_uindex'
 [ SQLËØ≠Âè• ] : INSERT INTO `weibo_user` (`username`,`password`,`email`,`create`) VALUES ('cr7wan2','3d4f2bf07dc1be38b20cd6e46949a1071f9d0e3d','123@qq.com','1502204813')
ERR: 1062:Duplicate entry 'cr7wan2' for key 'weibo_user_username_uindex'
 [ SQLËØ≠Âè• ] : INSERT INTO `weibo_user` (`username`,`password`,`email`,`create`) VALUES ('cr7wan2','3d4f2bf07dc1be38b20cd6e46949a1071f9d0e3d','123@qq.com','1502204813')

[ 2017-08-08T23:07:06+08:00 ] ::1 /weibo/Home/User/register
INFO: [ app_begin ] --START--
INFO: Run Behavior\ReadHtmlCacheBehavior [ RunTime:0.000847s ]
INFO: [ app_begin ] --END-- [ RunTime:0.001310s ]
SQL: SHOW COLUMNS FROM `weibo_user` [ RunTime:0.0010s ]
NOTIC: [8] Undefined index: validate E:\wamp64\www\weibo\ThinkPHP\Library\Think\Model.class.php Á¨¨ 1185 Ë°å.
NOTIC: [8] Undefined index: auto E:\wamp64\www\weibo\ThinkPHP\Library\Think\Model.class.php Á¨¨ 1128 Ë°å.
NOTIC: [2] sha1() expects at least 1 parameter, 0 given E:\wamp64\www\weibo\ThinkPHP\Library\Think\Model.class.php Á¨¨ 1154 Ë°å.
ERR: 1062:Duplicate entry 'cr7wan2' for key 'weibo_user_username_uindex'
 [ SQLËØ≠Âè• ] : INSERT INTO `weibo_user` (`username`,`password`,`email`,`create`) VALUES ('cr7wan2','3d4f2bf07dc1be38b20cd6e46949a1071f9d0e3d','123@qq.com','1502204826')
ERR: 1062:Duplicate entry 'cr7wan2' for key 'weibo_user_username_uindex'
 [ SQLËØ≠Âè• ] : INSERT INTO `weibo_user` (`username`,`password`,`email`,`create`) VALUES ('cr7wan2','3d4f2bf07dc1be38b20cd6e46949a1071f9d0e3d','123@qq.com','1502204826')

[ 2017-08-08T23:07:07+08:00 ] ::1 /weibo/Home/User/register
INFO: [ app_begin ] --START--
INFO: Run Behavior\ReadHtmlCacheBehavior [ RunTime:0.000914s ]
INFO: [ app_begin ] --END-- [ RunTime:0.001370s ]
SQL: SHOW COLUMNS FROM `weibo_user` [ RunTime:0.0008s ]
NOTIC: [8] Undefined index: validate E:\wamp64\www\weibo\ThinkPHP\Library\Think\Model.class.php Á¨¨ 1185 Ë°å.
NOTIC: [8] Undefined index: auto E:\wamp64\www\weibo\ThinkPHP\Library\Think\Model.class.php Á¨¨ 1128 Ë°å.
NOTIC: [2] sha1() expects at least 1 parameter, 0 given E:\wamp64\www\weibo\ThinkPHP\Library\Think\Model.class.php Á¨¨ 1154 Ë°å.
ERR: 1062:Duplicate entry 'cr7wan2' for key 'weibo_user_username_uindex'
 [ SQLËØ≠Âè• ] : INSERT INTO `weibo_user` (`username`,`password`,`email`,`create`) VALUES ('cr7wan2','3d4f2bf07dc1be38b20cd6e46949a1071f9d0e3d','123@qq.com','1502204827')
ERR: 1062:Duplicate entry 'cr7wan2' for key 'weibo_user_username_uindex'
 [ SQLËØ≠Âè• ] : INSERT INTO `weibo_user` (`username`,`password`,`email`,`create`) VALUES ('cr7wan2','3d4f2bf07dc1be38b20cd6e46949a1071f9d0e3d','123@qq.com','1502204827')

[ 2017-08-08T23:07:13+08:00 ] ::1 /weibo/Home/User/register
INFO: [ app_begin ] --START--
INFO: Run Behavior\ReadHtmlCacheBehavior [ RunTime:0.000888s ]
INFO: [ app_begin ] --END-- [ RunTime:0.001346s ]
SQL: SHOW COLUMNS FROM `weibo_user` [ RunTime:0.0009s ]
NOTIC: [8] Undefined index: validate E:\wamp64\www\weibo\ThinkPHP\Library\Think\Model.class.php Á¨¨ 1185 Ë°å.
INFO: [ app_end ] --START--
INFO: Run Behavior\ShowPageTraceBehavior [ RunTime:0.001118s ]
INFO: [ app_end ] --END-- [ RunTime:0.001243s ]

[ 2017-08-08T23:07:31+08:00 ] ::1 /weibo/Home/User/register
INFO: [ app_begin ] --START--
INFO: Run Behavior\ReadHtmlCacheBehavior [ RunTime:0.001124s ]
INFO: [ app_begin ] --END-- [ RunTime:0.001566s ]
SQL: SHOW COLUMNS FROM `weibo_user` [ RunTime:0.0007s ]
NOTIC: [8] Undefined index: validate E:\wamp64\www\weibo\ThinkPHP\Library\Think\Model.class.php Á¨¨ 1185 Ë°å.
NOTIC: [8] Undefined index: auto E:\wamp64\www\weibo\ThinkPHP\Library\Think\Model.class.php Á¨¨ 1128 Ë°å.
NOTIC: [2] sha1() expects at least 1 parameter, 0 given E:\wamp64\www\weibo\ThinkPHP\Library\Think\Model.class.php Á¨¨ 1154 Ë°å.
ERR: 1062:Duplicate entry 'cr7wan2' for key 'weibo_user_username_uindex'
 [ SQLËØ≠Âè• ] : INSERT INTO `weibo_user` (`username`,`password`,`email`,`create`) VALUES ('cr7wan2','3d4f2bf07dc1be38b20cd6e46949a1071f9d0e3d','123@qq.com','1502204851')
ERR: 1062:Duplicate entry 'cr7wan2' for key 'weibo_user_username_uindex'
 [ SQLËØ≠Âè• ] : INSERT INTO `weibo_user` (`username`,`password`,`email`,`create`) VALUES ('cr7wan2','3d4f2bf07dc1be38b20cd6e46949a1071f9d0e3d','123@qq.com','1502204851')

[ 2017-08-08T23:08:16+08:00 ] ::1 /weibo/Home/User/register
INFO: [ app_begin ] --START--
INFO: Run Behavior\ReadHtmlCacheBehavior [ RunTime:0.000918s ]
INFO: [ app_begin ] --END-- [ RunTime:0.001424s ]
SQL: SHOW COLUMNS FROM `weibo_user` [ RunTime:0.0007s ]
NOTIC: [8] Undefined index: validate E:\wamp64\www\weibo\ThinkPHP\Library\Think\Model.class.php Á¨¨ 1185 Ë°å.
NOTIC: [8] Undefined index: auto E:\wamp64\www\weibo\ThinkPHP\Library\Think\Model.class.php Á¨¨ 1128 Ë°å.
NOTIC: [2] sha1() expects at least 1 parameter, 0 given E:\wamp64\www\weibo\ThinkPHP\Library\Think\Model.class.php Á¨¨ 1154 Ë°å.
ERR: 1062:Duplicate entry '123@qq.com' for key 'weibo_user_email_uindex'
 [ SQLËØ≠Âè• ] : INSERT INTO `weibo_user` (`username`,`password`,`email`,`create`) VALUES ('cr7wan3','3d4f2bf07dc1be38b20cd6e46949a1071f9d0e3d','123@qq.com','1502204896')
ERR: 1062:Duplicate entry '123@qq.com' for key 'weibo_user_email_uindex'
 [ SQLËØ≠Âè• ] : INSERT INTO `weibo_user` (`username`,`password`,`email`,`create`) VALUES ('cr7wan3','3d4f2bf07dc1be38b20cd6e46949a1071f9d0e3d','123@qq.com','1502204896')

[ 2017-08-08T23:08:35+08:00 ] ::1 /weibo/Home/User/register
INFO: [ app_begin ] --START--
INFO: Run Behavior\ReadHtmlCacheBehavior [ RunTime:0.000919s ]
INFO: [ app_begin ] --END-- [ RunTime:0.001366s ]
SQL: SHOW COLUMNS FROM `weibo_user` [ RunTime:0.0007s ]
NOTIC: [8] Undefined index: validate E:\wamp64\www\weibo\ThinkPHP\Library\Think\Model.class.php Á¨¨ 1185 Ë°å.
NOTIC: [8] Undefined index: auto E:\wamp64\www\weibo\ThinkPHP\Library\Think\Model.class.php Á¨¨ 1128 Ë°å.
NOTIC: [2] sha1() expects at least 1 parameter, 0 given E:\wamp64\www\weibo\ThinkPHP\Library\Think\Model.class.php Á¨¨ 1154 Ë°å.
SQL: INSERT INTO `weibo_user` (`username`,`password`,`email`,`create`) VALUES ('cr7wan3','3d4f2bf07dc1be38b20cd6e46949a1071f9d0e3d','1234@qq.com','1502204915') [ RunTime:0.0005s ]
INFO: [ app_end ] --START--
INFO: Run Behavior\ShowPageTraceBehavior [ RunTime:0.001026s ]
INFO: [ app_end ] --END-- [ RunTime:0.001134s ]

[ 2017-08-08T23:08:56+08:00 ] ::1 /weibo/Home/User/register
INFO: [ app_begin ] --START--
INFO: Run Behavior\ReadHtmlCacheBehavior [ RunTime:0.000906s ]
INFO: [ app_begin ] --END-- [ RunTime:0.001368s ]
SQL: SHOW COLUMNS FROM `weibo_user` [ RunTime:0.0006s ]
NOTIC: [8] Undefined index: validate E:\wamp64\www\weibo\ThinkPHP\Library\Think\Model.class.php Á¨¨ 1185 Ë°å.
NOTIC: [8] Undefined index: auto E:\wamp64\www\weibo\ThinkPHP\Library\Think\Model.class.php Á¨¨ 1128 Ë°å.
NOTIC: [2] sha1() expects at least 1 parameter, 0 given E:\wamp64\www\weibo\ThinkPHP\Library\Think\Model.class.php Á¨¨ 1154 Ë°å.
ERR: 1062:Duplicate entry 'cr7wan3' for key 'weibo_user_username_uindex'
 [ SQLËØ≠Âè• ] : INSERT INTO `weibo_user` (`username`,`password`,`email`,`create`) VALUES ('cr7wan3','3d4f2bf07dc1be38b20cd6e46949a1071f9d0e3d','1234@qq.com','1502204936')
ERR: 1062:Duplicate entry 'cr7wan3' for key 'weibo_user_username_uindex'
 [ SQLËØ≠Âè• ] : INSERT INTO `weibo_user` (`username`,`password`,`email`,`create`) VALUES ('cr7wan3','3d4f2bf07dc1be38b20cd6e46949a1071f9d0e3d','1234@qq.com','1502204936')

[ 2017-08-08T23:16:34+08:00 ] ::1 /weibo/Public/Home/js/jquery-1.10.2.min.map
ERR: Êó†Ê≥ïÂä†ËΩΩÊéßÂà∂Âô®:Public

[ 2017-08-08T23:16:42+08:00 ] ::1 /weibo/Home/User/register
INFO: [ app_begin ] --START--
INFO: Run Behavior\ReadHtmlCacheBehavior [ RunTime:0.001958s ]
INFO: [ app_begin ] --END-- [ RunTime:0.002798s ]
SQL: SHOW COLUMNS FROM `weibo_user` [ RunTime:0.0011s ]
NOTIC: [8] Undefined index: validate E:\wamp64\www\weibo\ThinkPHP\Library\Think\Model.class.php Á¨¨ 1185 Ë°å.
NOTIC: [8] Undefined index: auto E:\wamp64\www\weibo\ThinkPHP\Library\Think\Model.class.php Á¨¨ 1128 Ë°å.
NOTIC: [2] sha1() expects at least 1 parameter, 0 given E:\wamp64\www\weibo\ThinkPHP\Library\Think\Model.class.php Á¨¨ 1154 Ë°å.
ERR: 1062:Duplicate entry 'cr7wan3' for key 'weibo_user_username_uindex'
 [ SQLËØ≠Âè• ] : INSERT INTO `weibo_user` (`username`,`password`,`email`,`create`) VALUES ('cr7wan3','da39a3ee5e6b4b0d3255bfef95601890afd80709','1234@qq.com','1502205402')
ERR: 1062:Duplicate entry 'cr7wan3' for key 'weibo_user_username_uindex'
 [ SQLËØ≠Âè• ] : INSERT INTO `weibo_user` (`username`,`password`,`email`,`create`) VALUES ('cr7wan3','da39a3ee5e6b4b0d3255bfef95601890afd80709','1234@qq.com','1502205402')

[ 2017-08-08T23:25:41+08:00 ] ::1 /weibo/Public/Home/js/jquery-1.10.2.min.map
ERR: Êó†Ê≥ïÂä†ËΩΩÊéßÂà∂Âô®:Public

[ 2017-08-08T23:26:05+08:00 ] ::1 /weibo/Home/User/register
INFO: [ app_begin ] --START--
INFO: Run Behavior\ReadHtmlCacheBehavior [ RunTime:0.000864s ]
INFO: [ app_begin ] --END-- [ RunTime:0.001320s ]

[ 2017-08-08T23:26:17+08:00 ] ::1 /weibo/Home/User/register
INFO: [ app_begin ] --START--
INFO: Run Behavior\ReadHtmlCacheBehavior [ RunTime:0.000781s ]
INFO: [ app_begin ] --END-- [ RunTime:0.001243s ]

[ 2017-08-08T23:27:26+08:00 ] ::1 /weibo/Home/User/register
INFO: [ app_begin ] --START--
INFO: Run Behavior\ReadHtmlCacheBehavior [ RunTime:0.000720s ]
INFO: [ app_begin ] --END-- [ RunTime:0.001277s ]
SQL: SHOW COLUMNS FROM `weibo_user` [ RunTime:0.0014s ]
NOTIC: [8] Undefined index: validate E:\wamp64\www\weibo\ThinkPHP\Library\Think\Model.class.php Á¨¨ 1185 Ë°å.
SQL: SELECT * FROM `weibo_user` WHERE `username` = 'cr7wan4' LIMIT 1   [ RunTime:0.0004s ]
SQL: SELECT * FROM `weibo_user` WHERE `email` = '123@qq.com' LIMIT 1   [ RunTime:0.0003s ]
INFO: [ app_end ] --START--
INFO: Run Behavior\ShowPageTraceBehavior [ RunTime:0.001152s ]
INFO: [ app_end ] --END-- [ RunTime:0.001262s ]

