[ 2017-08-14T00:01:13+08:00 ] ::1 /weibo/Home/User/register
INFO: [ app_begin ] --START--
INFO: Run Behavior\ReadHtmlCacheBehavior [ RunTime:0.000692s ]
INFO: [ app_begin ] --END-- [ RunTime:0.001134s ]
SQL: SHOW COLUMNS FROM `weibo_user` [ RunTime:0.0009s ]
NOTIC: [8] Undefined index: validate E:\wamp64\www\weibo\ThinkPHP\Library\Think\Model.class.php 第 1185 行.
SQL: SELECT * FROM `weibo_user` WHERE `username` = 'cr7wan1221' LIMIT 1   [ RunTime:0.0004s ]
SQL: SELECT * FROM `weibo_user` WHERE `email` = 'craaaa@qq.com' LIMIT 1   [ RunTime:0.0004s ]
NOTIC: [8] Undefined index: auto E:\wamp64\www\weibo\ThinkPHP\Library\Think\Model.class.php 第 1128 行.
NOTIC: [2] sha1() expects at least 1 parameter, 0 given E:\wamp64\www\weibo\ThinkPHP\Library\Think\Model.class.php 第 1154 行.
SQL: INSERT INTO `weibo_user` (`username`,`password`,`email`,`create`) VALUES ('cr7wan1221','3d4f2bf07dc1be38b20cd6e46949a1071f9d0e3d','craaaa@qq.com','1502640073') [ RunTime:0.0005s ]
INFO: [ app_end ] --START--
INFO: Run Behavior\ShowPageTraceBehavior [ RunTime:0.000768s ]
INFO: [ app_end ] --END-- [ RunTime:0.000857s ]

[ 2017-08-14T00:02:04+08:00 ] ::1 /weibo/Public/Home/js/jquery-1.10.2.min.map
ERR: 无法加载控制器:Public

[ 2017-08-14T00:02:11+08:00 ] ::1 /weibo/home/User/checkUserName
INFO: [ app_begin ] --START--
INFO: Run Behavior\ReadHtmlCacheBehavior [ RunTime:0.001408s ]
INFO: [ app_begin ] --END-- [ RunTime:0.002107s ]
SQL: SHOW COLUMNS FROM `weibo_user` [ RunTime:0.0011s ]
NOTIC: [8] Undefined index: validate E:\wamp64\www\weibo\ThinkPHP\Library\Think\Model.class.php 第 1185 行.
SQL: SELECT * FROM `weibo_user` WHERE `username` = 'cr7wan1221' LIMIT 1   [ RunTime:0.0004s ]
INFO: [ app_end ] --START--
INFO: Run Behavior\ShowPageTraceBehavior [ RunTime:0.000802s ]
INFO: [ app_end ] --END-- [ RunTime:0.000910s ]

[ 2017-08-14T00:02:17+08:00 ] ::1 /weibo/home/User/checkUserName
INFO: [ app_begin ] --START--
INFO: Run Behavior\ReadHtmlCacheBehavior [ RunTime:0.001063s ]
INFO: [ app_begin ] --END-- [ RunTime:0.001776s ]
SQL: SHOW COLUMNS FROM `weibo_user` [ RunTime:0.0010s ]
NOTIC: [8] Undefined index: validate E:\wamp64\www\weibo\ThinkPHP\Library\Think\Model.class.php 第 1185 行.
SQL: SELECT * FROM `weibo_user` WHERE `username` = 'cr7wan1221afd' LIMIT 1   [ RunTime:0.0004s ]
NOTIC: [8] Undefined index: email E:\wamp64\www\weibo\ThinkPHP\Library\Think\Model.class.php 第 1217 行.
NOTIC: [8] Undefined index: auto E:\wamp64\www\weibo\ThinkPHP\Library\Think\Model.class.php 第 1128 行.
NOTIC: [2] sha1() expects at least 1 parameter, 0 given E:\wamp64\www\weibo\ThinkPHP\Library\Think\Model.class.php 第 1154 行.
NOTIC: [2] sha1() expects at least 1 parameter, 0 given E:\wamp64\www\weibo\ThinkPHP\Library\Think\Model.class.php 第 1154 行.
INFO: [ app_end ] --START--
INFO: Run Behavior\ShowPageTraceBehavior [ RunTime:0.001786s ]
INFO: [ app_end ] --END-- [ RunTime:0.002040s ]

[ 2017-08-14T00:02:26+08:00 ] ::1 /weibo/home/User/checkEmail
INFO: [ app_begin ] --START--
INFO: Run Behavior\ReadHtmlCacheBehavior [ RunTime:0.001084s ]
INFO: [ app_begin ] --END-- [ RunTime:0.001742s ]
SQL: SHOW COLUMNS FROM `weibo_user` [ RunTime:0.0014s ]
NOTIC: [8] Undefined index: validate E:\wamp64\www\weibo\ThinkPHP\Library\Think\Model.class.php 第 1185 行.
NOTIC: [8] Undefined index: username E:\wamp64\www\weibo\ThinkPHP\Library\Think\Model.class.php 第 1217 行.
SQL: SELECT * FROM `weibo_user` WHERE `email` = 'craadsaa@qq.com' LIMIT 1   [ RunTime:0.0004s ]
NOTIC: [8] Undefined index: auto E:\wamp64\www\weibo\ThinkPHP\Library\Think\Model.class.php 第 1128 行.
NOTIC: [2] sha1() expects at least 1 parameter, 0 given E:\wamp64\www\weibo\ThinkPHP\Library\Think\Model.class.php 第 1154 行.
NOTIC: [2] sha1() expects at least 1 parameter, 0 given E:\wamp64\www\weibo\ThinkPHP\Library\Think\Model.class.php 第 1154 行.
INFO: [ app_end ] --START--
INFO: Run Behavior\ShowPageTraceBehavior [ RunTime:0.000802s ]
INFO: [ app_end ] --END-- [ RunTime:0.000905s ]

[ 2017-08-14T00:02:37+08:00 ] ::1 /weibo/Home/User/checkVerify
INFO: [ app_begin ] --START--
INFO: Run Behavior\ReadHtmlCacheBehavior [ RunTime:0.000742s ]
INFO: [ app_begin ] --END-- [ RunTime:0.001214s ]
SQL: SHOW COLUMNS FROM `weibo_user` [ RunTime:0.0008s ]
NOTIC: [8] Undefined index: validate E:\wamp64\www\weibo\ThinkPHP\Library\Think\Model.class.php 第 1185 行.
NOTIC: [8] Undefined index: username E:\wamp64\www\weibo\ThinkPHP\Library\Think\Model.class.php 第 1217 行.
NOTIC: [8] Undefined index: email E:\wamp64\www\weibo\ThinkPHP\Library\Think\Model.class.php 第 1217 行.
NOTIC: [8] Undefined index: auto E:\wamp64\www\weibo\ThinkPHP\Library\Think\Model.class.php 第 1128 行.
NOTIC: [2] sha1() expects at least 1 parameter, 0 given E:\wamp64\www\weibo\ThinkPHP\Library\Think\Model.class.php 第 1154 行.
NOTIC: [2] sha1() expects at least 1 parameter, 0 given E:\wamp64\www\weibo\ThinkPHP\Library\Think\Model.class.php 第 1154 行.
INFO: [ app_end ] --START--
INFO: Run Behavior\ShowPageTraceBehavior [ RunTime:0.000714s ]
INFO: [ app_end ] --END-- [ RunTime:0.000801s ]

[ 2017-08-14T00:02:44+08:00 ] ::1 /weibo/Home/User/register
INFO: [ app_begin ] --START--
INFO: Run Behavior\ReadHtmlCacheBehavior [ RunTime:0.001164s ]
INFO: [ app_begin ] --END-- [ RunTime:0.002024s ]
SQL: SHOW COLUMNS FROM `weibo_user` [ RunTime:0.0010s ]
NOTIC: [8] Undefined index: validate E:\wamp64\www\weibo\ThinkPHP\Library\Think\Model.class.php 第 1185 行.
SQL: SELECT * FROM `weibo_user` WHERE `username` = 'cr7wan1221afd' LIMIT 1   [ RunTime:0.0002s ]
SQL: SELECT * FROM `weibo_user` WHERE `email` = 'craadsaa@qq.com' LIMIT 1   [ RunTime:0.0002s ]
NOTIC: [8] Undefined index: auto E:\wamp64\www\weibo\ThinkPHP\Library\Think\Model.class.php 第 1128 行.
NOTIC: [2] sha1() expects at least 1 parameter, 0 given E:\wamp64\www\weibo\ThinkPHP\Library\Think\Model.class.php 第 1154 行.
SQL: INSERT INTO `weibo_user` (`username`,`password`,`email`,`create`) VALUES ('cr7wan1221afd','3d4f2bf07dc1be38b20cd6e46949a1071f9d0e3d','craadsaa@qq.com','1502640164') [ RunTime:0.0003s ]
INFO: [ app_end ] --START--
INFO: Run Behavior\ShowPageTraceBehavior [ RunTime:0.000760s ]
INFO: [ app_end ] --END-- [ RunTime:0.000869s ]

[ 2017-08-14T00:05:34+08:00 ] ::1 /weibo/Home/User/checkVerify
INFO: [ app_begin ] --START--
INFO: Run Behavior\ReadHtmlCacheBehavior [ RunTime:0.000959s ]
INFO: [ app_begin ] --END-- [ RunTime:0.001485s ]
SQL: SHOW COLUMNS FROM `weibo_user` [ RunTime:0.0007s ]
NOTIC: [8] Undefined index: validate E:\wamp64\www\weibo\ThinkPHP\Library\Think\Model.class.php 第 1185 行.
NOTIC: [8] Undefined index: username E:\wamp64\www\weibo\ThinkPHP\Library\Think\Model.class.php 第 1217 行.
NOTIC: [8] Undefined index: email E:\wamp64\www\weibo\ThinkPHP\Library\Think\Model.class.php 第 1217 行.
NOTIC: [8] Undefined index: auto E:\wamp64\www\weibo\ThinkPHP\Library\Think\Model.class.php 第 1128 行.
NOTIC: [2] sha1() expects at least 1 parameter, 0 given E:\wamp64\www\weibo\ThinkPHP\Library\Think\Model.class.php 第 1154 行.
NOTIC: [2] sha1() expects at least 1 parameter, 0 given E:\wamp64\www\weibo\ThinkPHP\Library\Think\Model.class.php 第 1154 行.
INFO: [ app_end ] --START--
INFO: Run Behavior\ShowPageTraceBehavior [ RunTime:0.001641s ]
INFO: [ app_end ] --END-- [ RunTime:0.001786s ]

[ 2017-08-14T00:05:37+08:00 ] ::1 /weibo/Home/User/login
INFO: [ app_begin ] --START--
INFO: Run Behavior\ReadHtmlCacheBehavior [ RunTime:0.001073s ]
INFO: [ app_begin ] --END-- [ RunTime:0.001682s ]
SQL: SHOW COLUMNS FROM `weibo_user` [ RunTime:0.0009s ]
NOTIC: [8] Undefined index: validate E:\wamp64\www\weibo\ThinkPHP\Library\Think\Model.class.php 第 1185 行.
NOTIC: [8] Undefined index: username E:\wamp64\www\weibo\ThinkPHP\Library\Think\Model.class.php 第 1217 行.
NOTIC: [8] Undefined index: email E:\wamp64\www\weibo\ThinkPHP\Library\Think\Model.class.php 第 1217 行.
SQL: SELECT `id`,`username`,`password`,`last_login` FROM `weibo_user` WHERE `username` = 'cr7wan' LIMIT 1   [ RunTime:0.0006s ]
SQL: UPDATE `weibo_user` SET `last_login`='1502640337',`last_ip`='0' WHERE `id` = 2 [ RunTime:0.0007s ]
INFO: [ app_end ] --START--
INFO: Run Behavior\ShowPageTraceBehavior [ RunTime:0.002533s ]
INFO: [ app_end ] --END-- [ RunTime:0.002798s ]

[ 2017-08-14T00:06:20+08:00 ] ::1 /weibo/Home/User/checkVerify
INFO: [ app_begin ] --START--
INFO: Run Behavior\ReadHtmlCacheBehavior [ RunTime:0.000881s ]
INFO: [ app_begin ] --END-- [ RunTime:0.001507s ]
SQL: SHOW COLUMNS FROM `weibo_user` [ RunTime:0.0009s ]
NOTIC: [8] Undefined index: validate E:\wamp64\www\weibo\ThinkPHP\Library\Think\Model.class.php 第 1185 行.
NOTIC: [8] Undefined index: username E:\wamp64\www\weibo\ThinkPHP\Library\Think\Model.class.php 第 1217 行.
NOTIC: [8] Undefined index: email E:\wamp64\www\weibo\ThinkPHP\Library\Think\Model.class.php 第 1217 行.
NOTIC: [8] Undefined index: auto E:\wamp64\www\weibo\ThinkPHP\Library\Think\Model.class.php 第 1128 行.
NOTIC: [2] sha1() expects at least 1 parameter, 0 given E:\wamp64\www\weibo\ThinkPHP\Library\Think\Model.class.php 第 1154 行.
NOTIC: [2] sha1() expects at least 1 parameter, 0 given E:\wamp64\www\weibo\ThinkPHP\Library\Think\Model.class.php 第 1154 行.
INFO: [ app_end ] --START--
INFO: Run Behavior\ShowPageTraceBehavior [ RunTime:0.001530s ]
INFO: [ app_end ] --END-- [ RunTime:0.001740s ]

[ 2017-08-14T00:06:22+08:00 ] ::1 /weibo/Home/User/login
INFO: [ app_begin ] --START--
INFO: Run Behavior\ReadHtmlCacheBehavior [ RunTime:0.001150s ]
INFO: [ app_begin ] --END-- [ RunTime:0.001788s ]
SQL: SHOW COLUMNS FROM `weibo_user` [ RunTime:0.0009s ]
NOTIC: [8] Undefined index: validate E:\wamp64\www\weibo\ThinkPHP\Library\Think\Model.class.php 第 1185 行.
NOTIC: [8] Undefined index: username E:\wamp64\www\weibo\ThinkPHP\Library\Think\Model.class.php 第 1217 行.
NOTIC: [8] Undefined index: email E:\wamp64\www\weibo\ThinkPHP\Library\Think\Model.class.php 第 1217 行.
SQL: SELECT `id`,`username`,`password`,`last_login` FROM `weibo_user` WHERE `username` = 'cr7wan' LIMIT 1   [ RunTime:0.0004s ]
SQL: UPDATE `weibo_user` SET `last_login`='1502640382',`last_ip`='0' WHERE `id` = 2 [ RunTime:0.0003s ]
INFO: [ app_end ] --START--
INFO: Run Behavior\ShowPageTraceBehavior [ RunTime:0.001112s ]
INFO: [ app_end ] --END-- [ RunTime:0.001211s ]

[ 2017-08-14T00:07:16+08:00 ] ::1 /weibo/Home/User/checkVerify
INFO: [ app_begin ] --START--
INFO: Run Behavior\ReadHtmlCacheBehavior [ RunTime:0.000794s ]
INFO: [ app_begin ] --END-- [ RunTime:0.001299s ]
SQL: SHOW COLUMNS FROM `weibo_user` [ RunTime:0.0010s ]
NOTIC: [8] Undefined index: validate E:\wamp64\www\weibo\ThinkPHP\Library\Think\Model.class.php 第 1185 行.
NOTIC: [8] Undefined index: username E:\wamp64\www\weibo\ThinkPHP\Library\Think\Model.class.php 第 1217 行.
NOTIC: [8] Undefined index: email E:\wamp64\www\weibo\ThinkPHP\Library\Think\Model.class.php 第 1217 行.
NOTIC: [8] Undefined index: auto E:\wamp64\www\weibo\ThinkPHP\Library\Think\Model.class.php 第 1128 行.
NOTIC: [2] sha1() expects at least 1 parameter, 0 given E:\wamp64\www\weibo\ThinkPHP\Library\Think\Model.class.php 第 1154 行.
NOTIC: [2] sha1() expects at least 1 parameter, 0 given E:\wamp64\www\weibo\ThinkPHP\Library\Think\Model.class.php 第 1154 行.
INFO: [ app_end ] --START--
INFO: Run Behavior\ShowPageTraceBehavior [ RunTime:0.001065s ]
INFO: [ app_end ] --END-- [ RunTime:0.001230s ]

[ 2017-08-14T00:07:18+08:00 ] ::1 /weibo/Home/User/login
INFO: [ app_begin ] --START--
INFO: Run Behavior\ReadHtmlCacheBehavior [ RunTime:0.000681s ]
INFO: [ app_begin ] --END-- [ RunTime:0.001127s ]
SQL: SHOW COLUMNS FROM `weibo_user` [ RunTime:0.0007s ]
NOTIC: [8] Undefined index: validate E:\wamp64\www\weibo\ThinkPHP\Library\Think\Model.class.php 第 1185 行.
NOTIC: [8] Undefined index: username E:\wamp64\www\weibo\ThinkPHP\Library\Think\Model.class.php 第 1217 行.
NOTIC: [8] Undefined index: email E:\wamp64\www\weibo\ThinkPHP\Library\Think\Model.class.php 第 1217 行.
SQL: SELECT `id`,`username`,`password`,`last_login` FROM `weibo_user` WHERE `username` = 'cr7wan' LIMIT 1   [ RunTime:0.0004s ]
SQL: UPDATE `weibo_user` SET `last_login`='1502640438',`last_ip`='0' WHERE `id` = 2 [ RunTime:0.0004s ]
INFO: [ app_end ] --START--
INFO: Run Behavior\ShowPageTraceBehavior [ RunTime:0.000906s ]
INFO: [ app_end ] --END-- [ RunTime:0.001000s ]

[ 2017-08-14T00:07:45+08:00 ] ::1 /weibo/Home/User/checkVerify
INFO: [ app_begin ] --START--
INFO: Run Behavior\ReadHtmlCacheBehavior [ RunTime:0.000780s ]
INFO: [ app_begin ] --END-- [ RunTime:0.001291s ]
SQL: SHOW COLUMNS FROM `weibo_user` [ RunTime:0.0011s ]
NOTIC: [8] Undefined index: validate E:\wamp64\www\weibo\ThinkPHP\Library\Think\Model.class.php 第 1185 行.
NOTIC: [8] Undefined index: username E:\wamp64\www\weibo\ThinkPHP\Library\Think\Model.class.php 第 1217 行.
NOTIC: [8] Undefined index: email E:\wamp64\www\weibo\ThinkPHP\Library\Think\Model.class.php 第 1217 行.
INFO: [ app_end ] --START--
INFO: Run Behavior\ShowPageTraceBehavior [ RunTime:0.001051s ]
INFO: [ app_end ] --END-- [ RunTime:0.001202s ]

[ 2017-08-14T00:07:52+08:00 ] ::1 /weibo/Home/User/checkVerify
INFO: [ app_begin ] --START--
INFO: Run Behavior\ReadHtmlCacheBehavior [ RunTime:0.000631s ]
INFO: [ app_begin ] --END-- [ RunTime:0.001040s ]
SQL: SHOW COLUMNS FROM `weibo_user` [ RunTime:0.0007s ]
NOTIC: [8] Undefined index: validate E:\wamp64\www\weibo\ThinkPHP\Library\Think\Model.class.php 第 1185 行.
NOTIC: [8] Undefined index: username E:\wamp64\www\weibo\ThinkPHP\Library\Think\Model.class.php 第 1217 行.
NOTIC: [8] Undefined index: email E:\wamp64\www\weibo\ThinkPHP\Library\Think\Model.class.php 第 1217 行.
INFO: [ app_end ] --START--
INFO: Run Behavior\ShowPageTraceBehavior [ RunTime:0.000687s ]
INFO: [ app_end ] --END-- [ RunTime:0.000779s ]

[ 2017-08-14T00:07:52+08:00 ] ::1 /weibo/Home/User/checkVerify
INFO: [ app_begin ] --START--
INFO: Run Behavior\ReadHtmlCacheBehavior [ RunTime:0.000856s ]
INFO: [ app_begin ] --END-- [ RunTime:0.001410s ]
SQL: SHOW COLUMNS FROM `weibo_user` [ RunTime:0.0007s ]
NOTIC: [8] Undefined index: validate E:\wamp64\www\weibo\ThinkPHP\Library\Think\Model.class.php 第 1185 行.
NOTIC: [8] Undefined index: username E:\wamp64\www\weibo\ThinkPHP\Library\Think\Model.class.php 第 1217 行.
NOTIC: [8] Undefined index: email E:\wamp64\www\weibo\ThinkPHP\Library\Think\Model.class.php 第 1217 行.
NOTIC: [8] Undefined index: auto E:\wamp64\www\weibo\ThinkPHP\Library\Think\Model.class.php 第 1128 行.
NOTIC: [2] sha1() expects at least 1 parameter, 0 given E:\wamp64\www\weibo\ThinkPHP\Library\Think\Model.class.php 第 1154 行.
NOTIC: [2] sha1() expects at least 1 parameter, 0 given E:\wamp64\www\weibo\ThinkPHP\Library\Think\Model.class.php 第 1154 行.
INFO: [ app_end ] --START--
INFO: Run Behavior\ShowPageTraceBehavior [ RunTime:0.000717s ]
INFO: [ app_end ] --END-- [ RunTime:0.000809s ]

[ 2017-08-14T00:07:56+08:00 ] ::1 /weibo/Home/User/login
INFO: [ app_begin ] --START--
INFO: Run Behavior\ReadHtmlCacheBehavior [ RunTime:0.001202s ]
INFO: [ app_begin ] --END-- [ RunTime:0.002027s ]
SQL: SHOW COLUMNS FROM `weibo_user` [ RunTime:0.0011s ]
NOTIC: [8] Undefined index: validate E:\wamp64\www\weibo\ThinkPHP\Library\Think\Model.class.php 第 1185 行.
NOTIC: [8] Undefined index: username E:\wamp64\www\weibo\ThinkPHP\Library\Think\Model.class.php 第 1217 行.
NOTIC: [8] Undefined index: email E:\wamp64\www\weibo\ThinkPHP\Library\Think\Model.class.php 第 1217 行.
SQL: SELECT `id`,`username`,`password`,`last_login` FROM `weibo_user` WHERE `username` = 'cr7wan' LIMIT 1   [ RunTime:0.0003s ]
SQL: UPDATE `weibo_user` SET `last_login`='1502640476',`last_ip`='0' WHERE `id` = 2 [ RunTime:0.0003s ]
INFO: [ app_end ] --START--
INFO: Run Behavior\ShowPageTraceBehavior [ RunTime:0.000767s ]
INFO: [ app_end ] --END-- [ RunTime:0.000868s ]

[ 2017-08-14T00:09:30+08:00 ] ::1 /weibo/Home/User/checkVerify
INFO: [ app_begin ] --START--
INFO: Run Behavior\ReadHtmlCacheBehavior [ RunTime:0.000734s ]
INFO: [ app_begin ] --END-- [ RunTime:0.001174s ]
SQL: SHOW COLUMNS FROM `weibo_user` [ RunTime:0.0006s ]
NOTIC: [8] Undefined index: validate E:\wamp64\www\weibo\ThinkPHP\Library\Think\Model.class.php 第 1185 行.
NOTIC: [8] Undefined index: username E:\wamp64\www\weibo\ThinkPHP\Library\Think\Model.class.php 第 1217 行.
NOTIC: [8] Undefined index: email E:\wamp64\www\weibo\ThinkPHP\Library\Think\Model.class.php 第 1217 行.
NOTIC: [8] Undefined index: auto E:\wamp64\www\weibo\ThinkPHP\Library\Think\Model.class.php 第 1128 行.
NOTIC: [2] sha1() expects at least 1 parameter, 0 given E:\wamp64\www\weibo\ThinkPHP\Library\Think\Model.class.php 第 1154 行.
NOTIC: [2] sha1() expects at least 1 parameter, 0 given E:\wamp64\www\weibo\ThinkPHP\Library\Think\Model.class.php 第 1154 行.
INFO: [ app_end ] --START--
INFO: Run Behavior\ShowPageTraceBehavior [ RunTime:0.001128s ]
INFO: [ app_end ] --END-- [ RunTime:0.001261s ]

[ 2017-08-14T00:09:32+08:00 ] ::1 /weibo/Home/User/login
INFO: [ app_begin ] --START--
INFO: Run Behavior\ReadHtmlCacheBehavior [ RunTime:0.000995s ]
INFO: [ app_begin ] --END-- [ RunTime:0.001606s ]
SQL: SHOW COLUMNS FROM `weibo_user` [ RunTime:0.0006s ]
NOTIC: [8] Undefined index: validate E:\wamp64\www\weibo\ThinkPHP\Library\Think\Model.class.php 第 1185 行.
NOTIC: [8] Undefined index: username E:\wamp64\www\weibo\ThinkPHP\Library\Think\Model.class.php 第 1217 行.
NOTIC: [8] Undefined index: email E:\wamp64\www\weibo\ThinkPHP\Library\Think\Model.class.php 第 1217 行.
SQL: SELECT `id`,`username`,`password`,`last_login` FROM `weibo_user` WHERE `username` = '克里斯丁' LIMIT 1   [ RunTime:0.0003s ]
INFO: [ app_end ] --START--
INFO: Run Behavior\ShowPageTraceBehavior [ RunTime:0.001148s ]
INFO: [ app_end ] --END-- [ RunTime:0.001279s ]

[ 2017-08-14T00:09:41+08:00 ] ::1 /weibo/Home/User/checkVerify
INFO: [ app_begin ] --START--
INFO: Run Behavior\ReadHtmlCacheBehavior [ RunTime:0.000690s ]
INFO: [ app_begin ] --END-- [ RunTime:0.001110s ]
SQL: SHOW COLUMNS FROM `weibo_user` [ RunTime:0.0006s ]
NOTIC: [8] Undefined index: validate E:\wamp64\www\weibo\ThinkPHP\Library\Think\Model.class.php 第 1185 行.
NOTIC: [8] Undefined index: username E:\wamp64\www\weibo\ThinkPHP\Library\Think\Model.class.php 第 1217 行.
NOTIC: [8] Undefined index: email E:\wamp64\www\weibo\ThinkPHP\Library\Think\Model.class.php 第 1217 行.
INFO: [ app_end ] --START--
INFO: Run Behavior\ShowPageTraceBehavior [ RunTime:0.000782s ]
INFO: [ app_end ] --END-- [ RunTime:0.000874s ]

[ 2017-08-14T00:09:41+08:00 ] ::1 /weibo/Home/User/checkVerify
INFO: [ app_begin ] --START--
INFO: Run Behavior\ReadHtmlCacheBehavior [ RunTime:0.001148s ]
INFO: [ app_begin ] --END-- [ RunTime:0.001841s ]
SQL: SHOW COLUMNS FROM `weibo_user` [ RunTime:0.0006s ]
NOTIC: [8] Undefined index: validate E:\wamp64\www\weibo\ThinkPHP\Library\Think\Model.class.php 第 1185 行.
NOTIC: [8] Undefined index: username E:\wamp64\www\weibo\ThinkPHP\Library\Think\Model.class.php 第 1217 行.
NOTIC: [8] Undefined index: email E:\wamp64\www\weibo\ThinkPHP\Library\Think\Model.class.php 第 1217 行.
INFO: [ app_end ] --START--
INFO: Run Behavior\ShowPageTraceBehavior [ RunTime:0.000905s ]
INFO: [ app_end ] --END-- [ RunTime:0.001033s ]

[ 2017-08-14T00:09:42+08:00 ] ::1 /weibo/Home/User/checkVerify
INFO: [ app_begin ] --START--
INFO: Run Behavior\ReadHtmlCacheBehavior [ RunTime:0.001129s ]
INFO: [ app_begin ] --END-- [ RunTime:0.001768s ]
SQL: SHOW COLUMNS FROM `weibo_user` [ RunTime:0.0006s ]
NOTIC: [8] Undefined index: validate E:\wamp64\www\weibo\ThinkPHP\Library\Think\Model.class.php 第 1185 行.
NOTIC: [8] Undefined index: username E:\wamp64\www\weibo\ThinkPHP\Library\Think\Model.class.php 第 1217 行.
NOTIC: [8] Undefined index: email E:\wamp64\www\weibo\ThinkPHP\Library\Think\Model.class.php 第 1217 行.
INFO: [ app_end ] --START--
INFO: Run Behavior\ShowPageTraceBehavior [ RunTime:0.000753s ]
INFO: [ app_end ] --END-- [ RunTime:0.000850s ]

[ 2017-08-14T00:09:42+08:00 ] ::1 /weibo/Home/User/checkVerify
INFO: [ app_begin ] --START--
INFO: Run Behavior\ReadHtmlCacheBehavior [ RunTime:0.001134s ]
INFO: [ app_begin ] --END-- [ RunTime:0.001836s ]
SQL: SHOW COLUMNS FROM `weibo_user` [ RunTime:0.0006s ]
NOTIC: [8] Undefined index: validate E:\wamp64\www\weibo\ThinkPHP\Library\Think\Model.class.php 第 1185 行.
NOTIC: [8] Undefined index: username E:\wamp64\www\weibo\ThinkPHP\Library\Think\Model.class.php 第 1217 行.
NOTIC: [8] Undefined index: email E:\wamp64\www\weibo\ThinkPHP\Library\Think\Model.class.php 第 1217 行.
INFO: [ app_end ] --START--
INFO: Run Behavior\ShowPageTraceBehavior [ RunTime:0.000826s ]
INFO: [ app_end ] --END-- [ RunTime:0.000919s ]

[ 2017-08-14T00:09:43+08:00 ] ::1 /weibo/Home/User/checkVerify
INFO: [ app_begin ] --START--
INFO: Run Behavior\ReadHtmlCacheBehavior [ RunTime:0.000951s ]
INFO: [ app_begin ] --END-- [ RunTime:0.001601s ]
SQL: SHOW COLUMNS FROM `weibo_user` [ RunTime:0.0006s ]
NOTIC: [8] Undefined index: validate E:\wamp64\www\weibo\ThinkPHP\Library\Think\Model.class.php 第 1185 行.
NOTIC: [8] Undefined index: username E:\wamp64\www\weibo\ThinkPHP\Library\Think\Model.class.php 第 1217 行.
NOTIC: [8] Undefined index: email E:\wamp64\www\weibo\ThinkPHP\Library\Think\Model.class.php 第 1217 行.
NOTIC: [8] Undefined index: auto E:\wamp64\www\weibo\ThinkPHP\Library\Think\Model.class.php 第 1128 行.
NOTIC: [2] sha1() expects at least 1 parameter, 0 given E:\wamp64\www\weibo\ThinkPHP\Library\Think\Model.class.php 第 1154 行.
NOTIC: [2] sha1() expects at least 1 parameter, 0 given E:\wamp64\www\weibo\ThinkPHP\Library\Think\Model.class.php 第 1154 行.
INFO: [ app_end ] --START--
INFO: Run Behavior\ShowPageTraceBehavior [ RunTime:0.001047s ]
INFO: [ app_end ] --END-- [ RunTime:0.001166s ]

[ 2017-08-14T00:09:46+08:00 ] ::1 /weibo/Home/User/login
INFO: [ app_begin ] --START--
INFO: Run Behavior\ReadHtmlCacheBehavior [ RunTime:0.001271s ]
INFO: [ app_begin ] --END-- [ RunTime:0.002056s ]
SQL: SHOW COLUMNS FROM `weibo_user` [ RunTime:0.0007s ]
NOTIC: [8] Undefined index: validate E:\wamp64\www\weibo\ThinkPHP\Library\Think\Model.class.php 第 1185 行.
NOTIC: [8] Undefined index: username E:\wamp64\www\weibo\ThinkPHP\Library\Think\Model.class.php 第 1217 行.
NOTIC: [8] Undefined index: email E:\wamp64\www\weibo\ThinkPHP\Library\Think\Model.class.php 第 1217 行.
SQL: SELECT `id`,`username`,`password`,`last_login` FROM `weibo_user` WHERE `username` = 'cr7wan' LIMIT 1   [ RunTime:0.0003s ]
SQL: UPDATE `weibo_user` SET `last_login`='1502640586',`last_ip`='0' WHERE `id` = 2 [ RunTime:0.0003s ]
INFO: [ app_end ] --START--
INFO: Run Behavior\ShowPageTraceBehavior [ RunTime:0.000854s ]
INFO: [ app_end ] --END-- [ RunTime:0.000944s ]

